<!DOCTYPE html PUBLIC "-//W3C//DTD XHTML 1.1//EN" "https://www.w3.org/TR/xhtml11/DTD/xhtml11.dtd">
<html xmlns="https://www.w3.org/1999/xhtml">
<head>
<meta http-equiv="content-type" content="text/html; charset=UTF-8"/>
<title>TestNG Report</title>
<style type="text/css">table {margin-bottom:10px;border-collapse:collapse;empty-cells:show}th,td {border:1px solid #009;padding:.25em .5em}th {vertical-align:bottom}td {vertical-align:top}table a {font-weight:bold}.stripe td {background-color: #E6EBF9}.num {text-align:right}.passedodd td {background-color: #3F3}.passedeven td {background-color: #0A0}.skippedodd td {background-color: #DDD}.skippedeven td {background-color: #CCC}.failedodd td,.attn {background-color: #F33}.failedeven td,.stripe .attn {background-color: #D00}.stacktrace {white-space:pre;font-family:monospace}.totop {font-size:85%;text-align:center;border-bottom:2px solid #000}.invisible {display:none}</style>
</head>
<body>
<table>
<tr><th>Test</th><th># Passed</th><th># Skipped</th><th># Retried</th><th># Failed</th><th>Time (ms)</th><th>Included Groups</th><th>Excluded Groups</th></tr>
<tr><th colspan="8">Manipal Capstone Project XYZ Bank Automation</th></tr>
<tr><td><a href="#t0">Maniap Capstone Project Running on Chrome</a></td><td class="num">6</td><td class="num">0</td><td class="num">0</td><td class="num attn">3</td><td class="num">71,324</td><td></td><td></td></tr>
</table>
<table id='summary'><thead><tr><th>Class</th><th>Method</th><th>Start</th><th>Time (ms)</th></tr></thead><tbody><tr><th colspan="4">Manipal Capstone Project XYZ Bank Automation</th></tr></tbody><tbody id="t0"><tr><th colspan="4">Maniap Capstone Project Running on Chrome &#8212; failed</th></tr><tr class="failedeven"><td rowspan="1">com.mcp.qa.testcases.AddCustomersTest</td><td><a href="#m0">invalidCustomerDetails</a></td><td rowspan="1">1710145155961</td><td rowspan="1">1970</td></tr><tr class="failedodd"><td rowspan="1">com.mcp.qa.testcases.CustomersTest</td><td><a href="#m1">managertest</a></td><td rowspan="1">1710145169539</td><td rowspan="1">6490</td></tr><tr class="failedeven"><td rowspan="1">com.mcp.qa.testcases.TransactionDetailsTest</td><td><a href="#m2">testCustomerLoginFlow</a></td><td rowspan="1">1710145202729</td><td rowspan="1">10405</td></tr><tr><th colspan="4">Maniap Capstone Project Running on Chrome &#8212; passed</th></tr><tr class="passedeven"><td rowspan="1">com.mcp.qa.testcases.AddCustomersTest</td><td><a href="#m3">customerDetails</a></td><td rowspan="1">1710145151275</td><td rowspan="1">2191</td></tr><tr class="passedodd"><td rowspan="1">com.mcp.qa.testcases.CustomerLoginAndDetailsTest</td><td><a href="#m4">testCustomerLoginFlow</a></td><td rowspan="1">1710145185963</td><td rowspan="1">3036</td></tr><tr class="passedeven"><td rowspan="1">com.mcp.qa.testcases.DepositAndWithdrawalTest</td><td><a href="#m5">testCustomerLoginFlow</a></td><td rowspan="1">1710145191328</td><td rowspan="1">7772</td></tr><tr class="passedodd"><td rowspan="1">com.mcp.qa.testcases.ExistingCustomerTest</td><td><a href="#m6">existingtest</a></td><td rowspan="1">1710145178359</td><td rowspan="1">5313</td></tr><tr class="passedeven"><td rowspan="1">com.mcp.qa.testcases.HomeAndNavigationTest</td><td><a href="#m7">Homepagefun</a></td><td rowspan="1">1710145147763</td><td rowspan="1">1291</td></tr><tr class="passedodd"><td rowspan="1">com.mcp.qa.testcases.OpenAccountTest</td><td><a href="#m8">managertest</a></td><td rowspan="1">1710145161111</td><td rowspan="1">5157</td></tr></tbody>
</table>
<h2>Maniap Capstone Project Running on Chrome</h2><h3 id="m0">com.mcp.qa.testcases.AddCustomersTest#invalidCustomerDetails</h3><table class="result"><tr><th>Exception</th></tr><tr><td><div class="stacktrace">java.lang.AssertionError: Account is not added as the details are invalid expected [Please provide the valid Customer details] but found [Customer added successfully with customer id :6]
	at com.mcp.qa.pages.BankManagerDashboardPage.invalidCustomerDetails(BankManagerDashboardPage.java:247)
	at com.mcp.qa.testcases.AddCustomersTest.invalidCustomerDetails(AddCustomersTest.java:33)
	at java.base/java.util.ArrayList.forEach(ArrayList.java:1596)
... Removed 34 stack frames</div></td></tr></table><p class="totop"><a href="#summary">back to summary</a></p>
<h3 id="m1">com.mcp.qa.testcases.CustomersTest#managertest</h3><table class="result"><tr><th>Exception</th></tr><tr><td><div class="stacktrace">org.openqa.selenium.NoAlertPresentException: no such alert
  (Session info: chrome=122.0.6261.112)
Build info: version: &apos;4.15.0&apos;, revision: &apos;1d14b5521b&apos;
System info: os.name: &apos;Windows 11&apos;, os.arch: &apos;amd64&apos;, os.version: &apos;10.0&apos;, java.version: &apos;21.0.2&apos;
Driver info: org.openqa.selenium.chrome.ChromeDriver
Command: [7dcd10de570ee8ce802bada90889892c, getAlertText {}]
Capabilities {acceptInsecureCerts: false, browserName: chrome, browserVersion: 122.0.6261.112, chrome: {chromedriverVersion: 122.0.6261.57 (87957e464700..., userDataDir: C:\Users\rohit\AppData\Loca...}, fedcm:accounts: true, goog:chromeOptions: {debuggerAddress: localhost:52450}, networkConnectionEnabled: false, pageLoadStrategy: normal, platformName: windows, proxy: Proxy(), se:cdp: ws://localhost:52450/devtoo..., se:cdpVersion: 122.0.6261.112, setWindowRect: true, strictFileInteractability: false, timeouts: {implicit: 0, pageLoad: 300000, script: 30000}, unhandledPromptBehavior: dismiss and notify, webauthn:extension:credBlob: true, webauthn:extension:largeBlob: true, webauthn:extension:minPinLength: true, webauthn:extension:prf: true, webauthn:virtualAuthenticators: true}
Session ID: 7dcd10de570ee8ce802bada90889892c
	at org.openqa.selenium.remote.codec.w3c.W3CHttpResponseCodec.createException(W3CHttpResponseCodec.java:200)
	at org.openqa.selenium.remote.codec.w3c.W3CHttpResponseCodec.decode(W3CHttpResponseCodec.java:133)
	at org.openqa.selenium.remote.codec.w3c.W3CHttpResponseCodec.decode(W3CHttpResponseCodec.java:52)
	at org.openqa.selenium.remote.HttpCommandExecutor.execute(HttpCommandExecutor.java:191)
	at org.openqa.selenium.remote.service.DriverCommandExecutor.invokeExecute(DriverCommandExecutor.java:200)
	at org.openqa.selenium.remote.service.DriverCommandExecutor.execute(DriverCommandExecutor.java:175)
	at org.openqa.selenium.remote.RemoteWebDriver.execute(RemoteWebDriver.java:607)
	at org.openqa.selenium.remote.RemoteWebDriver.execute(RemoteWebDriver.java:680)
	at org.openqa.selenium.remote.RemoteWebDriver.execute(RemoteWebDriver.java:684)
	at org.openqa.selenium.remote.RemoteWebDriver$RemoteAlert.getText(RemoteWebDriver.java:1273)
	at org.openqa.selenium.support.events.EventFiringWebDriver$EventFiringAlert.getText(EventFiringWebDriver.java:838)
	at com.mcp.qa.pages.BankManagerDashboardPage.customerInfo(BankManagerDashboardPage.java:212)
	at com.mcp.qa.testcases.CustomersTest.managertest(CustomersTest.java:27)
	at java.base/java.util.ArrayList.forEach(ArrayList.java:1596)
... Removed 32 stack frames</div></td></tr></table><p class="totop"><a href="#summary">back to summary</a></p>
<h3 id="m2">com.mcp.qa.testcases.TransactionDetailsTest#testCustomerLoginFlow</h3><table class="result"><tr><th>Exception</th></tr><tr><td><div class="stacktrace">org.openqa.selenium.NoAlertPresentException: no such alert
  (Session info: chrome=122.0.6261.112)
Build info: version: &apos;4.15.0&apos;, revision: &apos;1d14b5521b&apos;
System info: os.name: &apos;Windows 11&apos;, os.arch: &apos;amd64&apos;, os.version: &apos;10.0&apos;, java.version: &apos;21.0.2&apos;
Driver info: org.openqa.selenium.chrome.ChromeDriver
Command: [348e42e0cd2d6c3e01690685e2cea9ab, getAlertText {}]
Capabilities {acceptInsecureCerts: false, browserName: chrome, browserVersion: 122.0.6261.112, chrome: {chromedriverVersion: 122.0.6261.57 (87957e464700..., userDataDir: C:\Users\rohit\AppData\Loca...}, fedcm:accounts: true, goog:chromeOptions: {debuggerAddress: localhost:52559}, networkConnectionEnabled: false, pageLoadStrategy: normal, platformName: windows, proxy: Proxy(), se:cdp: ws://localhost:52559/devtoo..., se:cdpVersion: 122.0.6261.112, setWindowRect: true, strictFileInteractability: false, timeouts: {implicit: 0, pageLoad: 300000, script: 30000}, unhandledPromptBehavior: dismiss and notify, webauthn:extension:credBlob: true, webauthn:extension:largeBlob: true, webauthn:extension:minPinLength: true, webauthn:extension:prf: true, webauthn:virtualAuthenticators: true}
Session ID: 348e42e0cd2d6c3e01690685e2cea9ab
	at org.openqa.selenium.remote.codec.w3c.W3CHttpResponseCodec.createException(W3CHttpResponseCodec.java:200)
	at org.openqa.selenium.remote.codec.w3c.W3CHttpResponseCodec.decode(W3CHttpResponseCodec.java:133)
	at org.openqa.selenium.remote.codec.w3c.W3CHttpResponseCodec.decode(W3CHttpResponseCodec.java:52)
	at org.openqa.selenium.remote.HttpCommandExecutor.execute(HttpCommandExecutor.java:191)
	at org.openqa.selenium.remote.service.DriverCommandExecutor.invokeExecute(DriverCommandExecutor.java:200)
	at org.openqa.selenium.remote.service.DriverCommandExecutor.execute(DriverCommandExecutor.java:175)
	at org.openqa.selenium.remote.RemoteWebDriver.execute(RemoteWebDriver.java:607)
	at org.openqa.selenium.remote.RemoteWebDriver.execute(RemoteWebDriver.java:680)
	at org.openqa.selenium.remote.RemoteWebDriver.execute(RemoteWebDriver.java:684)
	at org.openqa.selenium.remote.RemoteWebDriver$RemoteTargetLocator.alert(RemoteWebDriver.java:1252)
	at org.openqa.selenium.support.events.EventFiringWebDriver$EventFiringTargetLocator.alert(EventFiringWebDriver.java:767)
	at com.mcp.qa.pages.CustomerDashboardPage.transactionsflow(CustomerDashboardPage.java:285)
	at com.mcp.qa.testcases.TransactionDetailsTest.testCustomerLoginFlow(TransactionDetailsTest.java:25)
	at java.base/java.util.ArrayList.forEach(ArrayList.java:1596)
... Removed 32 stack frames</div></td></tr></table><p class="totop"><a href="#summary">back to summary</a></p>
<h3 id="m3">com.mcp.qa.testcases.AddCustomersTest#customerDetails</h3><table class="result"><tr><th class="invisible"/></tr></table><p class="totop"><a href="#summary">back to summary</a></p>
<h3 id="m4">com.mcp.qa.testcases.CustomerLoginAndDetailsTest#testCustomerLoginFlow</h3><table class="result"><tr><th class="invisible"/></tr></table><p class="totop"><a href="#summary">back to summary</a></p>
<h3 id="m5">com.mcp.qa.testcases.DepositAndWithdrawalTest#testCustomerLoginFlow</h3><table class="result"><tr><th class="invisible"/></tr></table><p class="totop"><a href="#summary">back to summary</a></p>
<h3 id="m6">com.mcp.qa.testcases.ExistingCustomerTest#existingtest</h3><table class="result"><tr><th class="invisible"/></tr></table><p class="totop"><a href="#summary">back to summary</a></p>
<h3 id="m7">com.mcp.qa.testcases.HomeAndNavigationTest#Homepagefun</h3><table class="result"><tr><th class="invisible"/></tr></table><p class="totop"><a href="#summary">back to summary</a></p>
<h3 id="m8">com.mcp.qa.testcases.OpenAccountTest#managertest</h3><table class="result"><tr><th class="invisible"/></tr></table><p class="totop"><a href="#summary">back to summary</a></p>
</body>
</html>
