<!DOCTYPE html>

<html>
  <head>
  <meta charset='utf-8'>
  <title>TestNG reports</title>

    <link type="text/css" href="testng-reports1.css" rel="stylesheet" id="ultra" />
    <link type="text/css" href="testng-reports.css" rel="stylesheet" id="retro" disabled="false"/>
    <script type="text/javascript" src="jquery-3.6.0.min.js"></script>
    <script type="text/javascript" src="testng-reports.js"></script>
    <script type="text/javascript" src="https://www.google.com/jsapi"></script>
    <script type='text/javascript'>
      google.load('visualization', '1', {packages:['table']});
      google.setOnLoadCallback(drawTable);
      var suiteTableInitFunctions = new Array();
      var suiteTableData = new Array();
    </script>
    <!--
      <script type="text/javascript" src="jquery-ui/js/jquery-ui-1.8.16.custom.min.js"></script>
     -->
  </head>

  <body>    <div class="top-banner-root">
      <span class="top-banner-title-font">Test results</span>
      <button id="button" class="button">Switch Retro Theme</button> <!-- button -->
      <br/>
      <span class="top-banner-font-1">1 suite, 3 failed tests</span>
    </div> <!-- top-banner-root -->
    <div class="navigator-root">
      <div class="navigator-suite-header">
        <span>All suites</span>
        <a href="#" title="Collapse/expand all the suites" class="collapse-all-link">
          <img src="collapseall.gif" class="collapse-all-icon">
          </img> <!-- collapse-all-icon -->
        </a> <!-- collapse-all-link -->
      </div> <!-- navigator-suite-header -->
      <div class="suite">
        <div class="rounded-window">
          <div class="suite-header light-rounded-window-top">
            <a href="#" panel-name="suite-Manipal_Capstone_Project_XYZ_Bank_Automation" class="navigator-link">
              <span class="suite-name border-failed">Manipal Capstone Project XYZ Bank Automation</span>
            </a> <!-- navigator-link -->
          </div> <!-- suite-header light-rounded-window-top -->
          <div class="navigator-suite-content">
            <div class="suite-section-title">
              <span>Info</span>
            </div> <!-- suite-section-title -->
            <div class="suite-section-content">
              <ul>
                <li>
                  <a href="#" panel-name="test-xml-Manipal_Capstone_Project_XYZ_Bank_Automation" class="navigator-link ">
                    <span>C:\Users\rohit\eclipse-workspace\Manipal Capstone Project\src\main\resources\testng.xml</span>
                  </a> <!-- navigator-link  -->
                </li>
                <li>
                  <a href="#" panel-name="testlist-Manipal_Capstone_Project_XYZ_Bank_Automation" class="navigator-link ">
                    <span class="test-stats">1 test</span>
                  </a> <!-- navigator-link  -->
                </li>
                <li>
                  <a href="#" panel-name="group-Manipal_Capstone_Project_XYZ_Bank_Automation" class="navigator-link ">
                    <span>0 groups</span>
                  </a> <!-- navigator-link  -->
                </li>
                <li>
                  <a href="#" panel-name="times-Manipal_Capstone_Project_XYZ_Bank_Automation" class="navigator-link ">
                    <span>Times</span>
                  </a> <!-- navigator-link  -->
                </li>
                <li>
                  <a href="#" panel-name="reporter-Manipal_Capstone_Project_XYZ_Bank_Automation" class="navigator-link ">
                    <span>Reporter output</span>
                  </a> <!-- navigator-link  -->
                </li>
                <li>
                  <a href="#" panel-name="ignored-methods-Manipal_Capstone_Project_XYZ_Bank_Automation" class="navigator-link ">
                    <span>Ignored methods</span>
                  </a> <!-- navigator-link  -->
                </li>
                <li>
                  <a href="#" panel-name="chronological-Manipal_Capstone_Project_XYZ_Bank_Automation" class="navigator-link ">
                    <span>Chronological view</span>
                  </a> <!-- navigator-link  -->
                </li>
              </ul>
            </div> <!-- suite-section-content -->
            <div class="result-section">
              <div class="suite-section-title">
                <span>Results</span>
              </div> <!-- suite-section-title -->
              <div class="suite-section-content">
                <ul>
                  <li>
                    <span class="method-stats">9 methods, 3 failed,   6 passed</span>
                  </li>
                  <li>
                    <span class="method-list-title failed">Failed methods</span>
                    <span class="show-or-hide-methods failed">
                      <a href="#" panel-name="suite-Manipal_Capstone_Project_XYZ_Bank_Automation" class="hide-methods failed suite-Manipal_Capstone_Project_XYZ_Bank_Automation"> (hide)</a> <!-- hide-methods failed suite-Manipal_Capstone_Project_XYZ_Bank_Automation -->
                      <a href="#" panel-name="suite-Manipal_Capstone_Project_XYZ_Bank_Automation" class="show-methods failed suite-Manipal_Capstone_Project_XYZ_Bank_Automation"> (show)</a> <!-- show-methods failed suite-Manipal_Capstone_Project_XYZ_Bank_Automation -->
                    </span>
                    <div class="method-list-content failed suite-Manipal_Capstone_Project_XYZ_Bank_Automation">
                      <span>
                        <img src="failed.png" width="3%"/>
                        <a href="#" panel-name="suite-Manipal_Capstone_Project_XYZ_Bank_Automation" title="com.mcp.qa.testcases.AddCustomersTest" class="method navigator-link" hash-for-method="invalidCustomerDetails">invalidCustomerDetails</a> <!-- method navigator-link -->
                      </span>
                      <br/>
                      <span>
                        <img src="failed.png" width="3%"/>
                        <a href="#" panel-name="suite-Manipal_Capstone_Project_XYZ_Bank_Automation" title="com.mcp.qa.testcases.CustomersTest" class="method navigator-link" hash-for-method="managertest">managertest</a> <!-- method navigator-link -->
                      </span>
                      <br/>
                      <span>
                        <img src="failed.png" width="3%"/>
                        <a href="#" panel-name="suite-Manipal_Capstone_Project_XYZ_Bank_Automation" title="com.mcp.qa.testcases.TransactionDetailsTest" class="method navigator-link" hash-for-method="testCustomerLoginFlow">testCustomerLoginFlow</a> <!-- method navigator-link -->
                      </span>
                      <br/>
                    </div> <!-- method-list-content failed suite-Manipal_Capstone_Project_XYZ_Bank_Automation -->
                  </li>
                  <li>
                    <span class="method-list-title passed">Passed methods</span>
                    <span class="show-or-hide-methods passed">
                      <a href="#" panel-name="suite-Manipal_Capstone_Project_XYZ_Bank_Automation" class="hide-methods passed suite-Manipal_Capstone_Project_XYZ_Bank_Automation"> (hide)</a> <!-- hide-methods passed suite-Manipal_Capstone_Project_XYZ_Bank_Automation -->
                      <a href="#" panel-name="suite-Manipal_Capstone_Project_XYZ_Bank_Automation" class="show-methods passed suite-Manipal_Capstone_Project_XYZ_Bank_Automation"> (show)</a> <!-- show-methods passed suite-Manipal_Capstone_Project_XYZ_Bank_Automation -->
                    </span>
                    <div class="method-list-content passed suite-Manipal_Capstone_Project_XYZ_Bank_Automation">
                      <span>
                        <img src="passed.png" width="3%"/>
                        <a href="#" panel-name="suite-Manipal_Capstone_Project_XYZ_Bank_Automation" title="com.mcp.qa.testcases.HomeAndNavigationTest" class="method navigator-link" hash-for-method="Homepagefun">Homepagefun</a> <!-- method navigator-link -->
                      </span>
                      <br/>
                      <span>
                        <img src="passed.png" width="3%"/>
                        <a href="#" panel-name="suite-Manipal_Capstone_Project_XYZ_Bank_Automation" title="com.mcp.qa.testcases.AddCustomersTest" class="method navigator-link" hash-for-method="customerDetails">customerDetails</a> <!-- method navigator-link -->
                      </span>
                      <br/>
                      <span>
                        <img src="passed.png" width="3%"/>
                        <a href="#" panel-name="suite-Manipal_Capstone_Project_XYZ_Bank_Automation" title="com.mcp.qa.testcases.ExistingCustomerTest" class="method navigator-link" hash-for-method="existingtest">existingtest</a> <!-- method navigator-link -->
                      </span>
                      <br/>
                      <span>
                        <img src="passed.png" width="3%"/>
                        <a href="#" panel-name="suite-Manipal_Capstone_Project_XYZ_Bank_Automation" title="com.mcp.qa.testcases.OpenAccountTest" class="method navigator-link" hash-for-method="managertest">managertest</a> <!-- method navigator-link -->
                      </span>
                      <br/>
                      <span>
                        <img src="passed.png" width="3%"/>
                        <a href="#" panel-name="suite-Manipal_Capstone_Project_XYZ_Bank_Automation" title="com.mcp.qa.testcases.CustomerLoginAndDetailsTest" class="method navigator-link" hash-for-method="testCustomerLoginFlow">testCustomerLoginFlow</a> <!-- method navigator-link -->
                      </span>
                      <br/>
                      <span>
                        <img src="passed.png" width="3%"/>
                        <a href="#" panel-name="suite-Manipal_Capstone_Project_XYZ_Bank_Automation" title="com.mcp.qa.testcases.DepositAndWithdrawalTest" class="method navigator-link" hash-for-method="testCustomerLoginFlow">testCustomerLoginFlow</a> <!-- method navigator-link -->
                      </span>
                      <br/>
                    </div> <!-- method-list-content passed suite-Manipal_Capstone_Project_XYZ_Bank_Automation -->
                  </li>
                </ul>
              </div> <!-- suite-section-content -->
            </div> <!-- result-section -->
          </div> <!-- navigator-suite-content -->
        </div> <!-- rounded-window -->
      </div> <!-- suite -->
    </div> <!-- navigator-root -->
    <div class="wrapper">
      <div class="main-panel-root">
        <div panel-name="suite-Manipal_Capstone_Project_XYZ_Bank_Automation" class="panel Manipal_Capstone_Project_XYZ_Bank_Automation">
          <div class="suite-Manipal_Capstone_Project_XYZ_Bank_Automation-class-failed">
            <div class="main-panel-header rounded-window-top">
              <img src="failed.png"/>
              <span class="class-name">com.mcp.qa.testcases.TransactionDetailsTest</span>
            </div> <!-- main-panel-header rounded-window-top -->
            <div class="main-panel-content rounded-window-bottom">
              <div class="method">
                <div class="method-content">
                  <a name="testCustomerLoginFlow">
                  </a> <!-- testCustomerLoginFlow -->
                  <span class="method-name">testCustomerLoginFlow</span>
                  <div class="stack-trace">org.openqa.selenium.NoAlertPresentException: no such alert
  (Session info: chrome=122.0.6261.112)
Build info: version: &apos;4.15.0&apos;, revision: &apos;1d14b5521b&apos;
System info: os.name: &apos;Windows 11&apos;, os.arch: &apos;amd64&apos;, os.version: &apos;10.0&apos;, java.version: &apos;21.0.2&apos;
Driver info: org.openqa.selenium.chrome.ChromeDriver
Command: [348e42e0cd2d6c3e01690685e2cea9ab, getAlertText {}]
Capabilities {acceptInsecureCerts: false, browserName: chrome, browserVersion: 122.0.6261.112, chrome: {chromedriverVersion: 122.0.6261.57 (87957e464700..., userDataDir: C:\Users\rohit\AppData\Loca...}, fedcm:accounts: true, goog:chromeOptions: {debuggerAddress: localhost:52559}, networkConnectionEnabled: false, pageLoadStrategy: normal, platformName: windows, proxy: Proxy(), se:cdp: ws://localhost:52559/devtoo..., se:cdpVersion: 122.0.6261.112, setWindowRect: true, strictFileInteractability: false, timeouts: {implicit: 0, pageLoad: 300000, script: 30000}, unhandledPromptBehavior: dismiss and notify, webauthn:extension:credBlob: true, webauthn:extension:largeBlob: true, webauthn:extension:minPinLength: true, webauthn:extension:prf: true, webauthn:virtualAuthenticators: true}
Session ID: 348e42e0cd2d6c3e01690685e2cea9ab
	at org.openqa.selenium.remote.codec.w3c.W3CHttpResponseCodec.createException(W3CHttpResponseCodec.java:200)
	at org.openqa.selenium.remote.codec.w3c.W3CHttpResponseCodec.decode(W3CHttpResponseCodec.java:133)
	at org.openqa.selenium.remote.codec.w3c.W3CHttpResponseCodec.decode(W3CHttpResponseCodec.java:52)
	at org.openqa.selenium.remote.HttpCommandExecutor.execute(HttpCommandExecutor.java:191)
	at org.openqa.selenium.remote.service.DriverCommandExecutor.invokeExecute(DriverCommandExecutor.java:200)
	at org.openqa.selenium.remote.service.DriverCommandExecutor.execute(DriverCommandExecutor.java:175)
	at org.openqa.selenium.remote.RemoteWebDriver.execute(RemoteWebDriver.java:607)
	at org.openqa.selenium.remote.RemoteWebDriver.execute(RemoteWebDriver.java:680)
	at org.openqa.selenium.remote.RemoteWebDriver.execute(RemoteWebDriver.java:684)
	at org.openqa.selenium.remote.RemoteWebDriver$RemoteTargetLocator.alert(RemoteWebDriver.java:1252)
	at org.openqa.selenium.support.events.EventFiringWebDriver$EventFiringTargetLocator.alert(EventFiringWebDriver.java:767)
	at com.mcp.qa.pages.CustomerDashboardPage.transactionsflow(CustomerDashboardPage.java:285)
	at com.mcp.qa.testcases.TransactionDetailsTest.testCustomerLoginFlow(TransactionDetailsTest.java:25)
	at java.base/java.util.ArrayList.forEach(ArrayList.java:1596)
... Removed 32 stack frames
</div> <!-- stack-trace -->
                </div> <!-- method-content -->
              </div> <!-- method -->
            </div> <!-- main-panel-content rounded-window-bottom -->
          </div> <!-- suite-Manipal_Capstone_Project_XYZ_Bank_Automation-class-failed -->
          <div class="suite-Manipal_Capstone_Project_XYZ_Bank_Automation-class-failed">
            <div class="main-panel-header rounded-window-top">
              <img src="failed.png"/>
              <span class="class-name">com.mcp.qa.testcases.CustomersTest</span>
            </div> <!-- main-panel-header rounded-window-top -->
            <div class="main-panel-content rounded-window-bottom">
              <div class="method">
                <div class="method-content">
                  <a name="managertest">
                  </a> <!-- managertest -->
                  <span class="method-name">managertest</span>
                  <div class="stack-trace">org.openqa.selenium.NoAlertPresentException: no such alert
  (Session info: chrome=122.0.6261.112)
Build info: version: &apos;4.15.0&apos;, revision: &apos;1d14b5521b&apos;
System info: os.name: &apos;Windows 11&apos;, os.arch: &apos;amd64&apos;, os.version: &apos;10.0&apos;, java.version: &apos;21.0.2&apos;
Driver info: org.openqa.selenium.chrome.ChromeDriver
Command: [7dcd10de570ee8ce802bada90889892c, getAlertText {}]
Capabilities {acceptInsecureCerts: false, browserName: chrome, browserVersion: 122.0.6261.112, chrome: {chromedriverVersion: 122.0.6261.57 (87957e464700..., userDataDir: C:\Users\rohit\AppData\Loca...}, fedcm:accounts: true, goog:chromeOptions: {debuggerAddress: localhost:52450}, networkConnectionEnabled: false, pageLoadStrategy: normal, platformName: windows, proxy: Proxy(), se:cdp: ws://localhost:52450/devtoo..., se:cdpVersion: 122.0.6261.112, setWindowRect: true, strictFileInteractability: false, timeouts: {implicit: 0, pageLoad: 300000, script: 30000}, unhandledPromptBehavior: dismiss and notify, webauthn:extension:credBlob: true, webauthn:extension:largeBlob: true, webauthn:extension:minPinLength: true, webauthn:extension:prf: true, webauthn:virtualAuthenticators: true}
Session ID: 7dcd10de570ee8ce802bada90889892c
	at org.openqa.selenium.remote.codec.w3c.W3CHttpResponseCodec.createException(W3CHttpResponseCodec.java:200)
	at org.openqa.selenium.remote.codec.w3c.W3CHttpResponseCodec.decode(W3CHttpResponseCodec.java:133)
	at org.openqa.selenium.remote.codec.w3c.W3CHttpResponseCodec.decode(W3CHttpResponseCodec.java:52)
	at org.openqa.selenium.remote.HttpCommandExecutor.execute(HttpCommandExecutor.java:191)
	at org.openqa.selenium.remote.service.DriverCommandExecutor.invokeExecute(DriverCommandExecutor.java:200)
	at org.openqa.selenium.remote.service.DriverCommandExecutor.execute(DriverCommandExecutor.java:175)
	at org.openqa.selenium.remote.RemoteWebDriver.execute(RemoteWebDriver.java:607)
	at org.openqa.selenium.remote.RemoteWebDriver.execute(RemoteWebDriver.java:680)
	at org.openqa.selenium.remote.RemoteWebDriver.execute(RemoteWebDriver.java:684)
	at org.openqa.selenium.remote.RemoteWebDriver$RemoteAlert.getText(RemoteWebDriver.java:1273)
	at org.openqa.selenium.support.events.EventFiringWebDriver$EventFiringAlert.getText(EventFiringWebDriver.java:838)
	at com.mcp.qa.pages.BankManagerDashboardPage.customerInfo(BankManagerDashboardPage.java:212)
	at com.mcp.qa.testcases.CustomersTest.managertest(CustomersTest.java:27)
	at java.base/java.util.ArrayList.forEach(ArrayList.java:1596)
... Removed 32 stack frames
</div> <!-- stack-trace -->
                </div> <!-- method-content -->
              </div> <!-- method -->
            </div> <!-- main-panel-content rounded-window-bottom -->
          </div> <!-- suite-Manipal_Capstone_Project_XYZ_Bank_Automation-class-failed -->
          <div class="suite-Manipal_Capstone_Project_XYZ_Bank_Automation-class-failed">
            <div class="main-panel-header rounded-window-top">
              <img src="failed.png"/>
              <span class="class-name">com.mcp.qa.testcases.AddCustomersTest</span>
            </div> <!-- main-panel-header rounded-window-top -->
            <div class="main-panel-content rounded-window-bottom">
              <div class="method">
                <div class="method-content">
                  <a name="invalidCustomerDetails">
                  </a> <!-- invalidCustomerDetails -->
                  <span class="method-name">invalidCustomerDetails</span>
                  <div class="stack-trace">java.lang.AssertionError: Account is not added as the details are invalid expected [Please provide the valid Customer details] but found [Customer added successfully with customer id :6]
	at com.mcp.qa.pages.BankManagerDashboardPage.invalidCustomerDetails(BankManagerDashboardPage.java:247)
	at com.mcp.qa.testcases.AddCustomersTest.invalidCustomerDetails(AddCustomersTest.java:33)
	at java.base/java.util.ArrayList.forEach(ArrayList.java:1596)
... Removed 34 stack frames
</div> <!-- stack-trace -->
                </div> <!-- method-content -->
              </div> <!-- method -->
            </div> <!-- main-panel-content rounded-window-bottom -->
          </div> <!-- suite-Manipal_Capstone_Project_XYZ_Bank_Automation-class-failed -->
          <div class="suite-Manipal_Capstone_Project_XYZ_Bank_Automation-class-passed">
            <div class="main-panel-header rounded-window-top">
              <img src="passed.png"/>
              <span class="class-name">com.mcp.qa.testcases.DepositAndWithdrawalTest</span>
            </div> <!-- main-panel-header rounded-window-top -->
            <div class="main-panel-content rounded-window-bottom">
              <div class="method">
                <div class="method-content">
                  <a name="testCustomerLoginFlow">
                  </a> <!-- testCustomerLoginFlow -->
                  <span class="method-name">testCustomerLoginFlow</span>
                </div> <!-- method-content -->
              </div> <!-- method -->
            </div> <!-- main-panel-content rounded-window-bottom -->
          </div> <!-- suite-Manipal_Capstone_Project_XYZ_Bank_Automation-class-passed -->
          <div class="suite-Manipal_Capstone_Project_XYZ_Bank_Automation-class-passed">
            <div class="main-panel-header rounded-window-top">
              <img src="passed.png"/>
              <span class="class-name">com.mcp.qa.testcases.CustomerLoginAndDetailsTest</span>
            </div> <!-- main-panel-header rounded-window-top -->
            <div class="main-panel-content rounded-window-bottom">
              <div class="method">
                <div class="method-content">
                  <a name="testCustomerLoginFlow">
                  </a> <!-- testCustomerLoginFlow -->
                  <span class="method-name">testCustomerLoginFlow</span>
                </div> <!-- method-content -->
              </div> <!-- method -->
            </div> <!-- main-panel-content rounded-window-bottom -->
          </div> <!-- suite-Manipal_Capstone_Project_XYZ_Bank_Automation-class-passed -->
          <div class="suite-Manipal_Capstone_Project_XYZ_Bank_Automation-class-passed">
            <div class="main-panel-header rounded-window-top">
              <img src="passed.png"/>
              <span class="class-name">com.mcp.qa.testcases.OpenAccountTest</span>
            </div> <!-- main-panel-header rounded-window-top -->
            <div class="main-panel-content rounded-window-bottom">
              <div class="method">
                <div class="method-content">
                  <a name="managertest">
                  </a> <!-- managertest -->
                  <span class="method-name">managertest</span>
                </div> <!-- method-content -->
              </div> <!-- method -->
            </div> <!-- main-panel-content rounded-window-bottom -->
          </div> <!-- suite-Manipal_Capstone_Project_XYZ_Bank_Automation-class-passed -->
          <div class="suite-Manipal_Capstone_Project_XYZ_Bank_Automation-class-passed">
            <div class="main-panel-header rounded-window-top">
              <img src="passed.png"/>
              <span class="class-name">com.mcp.qa.testcases.ExistingCustomerTest</span>
            </div> <!-- main-panel-header rounded-window-top -->
            <div class="main-panel-content rounded-window-bottom">
              <div class="method">
                <div class="method-content">
                  <a name="existingtest">
                  </a> <!-- existingtest -->
                  <span class="method-name">existingtest</span>
                </div> <!-- method-content -->
              </div> <!-- method -->
            </div> <!-- main-panel-content rounded-window-bottom -->
          </div> <!-- suite-Manipal_Capstone_Project_XYZ_Bank_Automation-class-passed -->
          <div class="suite-Manipal_Capstone_Project_XYZ_Bank_Automation-class-passed">
            <div class="main-panel-header rounded-window-top">
              <img src="passed.png"/>
              <span class="class-name">com.mcp.qa.testcases.AddCustomersTest</span>
            </div> <!-- main-panel-header rounded-window-top -->
            <div class="main-panel-content rounded-window-bottom">
              <div class="method">
                <div class="method-content">
                  <a name="customerDetails">
                  </a> <!-- customerDetails -->
                  <span class="method-name">customerDetails</span>
                </div> <!-- method-content -->
              </div> <!-- method -->
            </div> <!-- main-panel-content rounded-window-bottom -->
          </div> <!-- suite-Manipal_Capstone_Project_XYZ_Bank_Automation-class-passed -->
          <div class="suite-Manipal_Capstone_Project_XYZ_Bank_Automation-class-passed">
            <div class="main-panel-header rounded-window-top">
              <img src="passed.png"/>
              <span class="class-name">com.mcp.qa.testcases.HomeAndNavigationTest</span>
            </div> <!-- main-panel-header rounded-window-top -->
            <div class="main-panel-content rounded-window-bottom">
              <div class="method">
                <div class="method-content">
                  <a name="Homepagefun">
                  </a> <!-- Homepagefun -->
                  <span class="method-name">Homepagefun</span>
                </div> <!-- method-content -->
              </div> <!-- method -->
            </div> <!-- main-panel-content rounded-window-bottom -->
          </div> <!-- suite-Manipal_Capstone_Project_XYZ_Bank_Automation-class-passed -->
        </div> <!-- panel Manipal_Capstone_Project_XYZ_Bank_Automation -->
        <div panel-name="test-xml-Manipal_Capstone_Project_XYZ_Bank_Automation" class="panel">
          <div class="main-panel-header rounded-window-top">
            <span class="header-content">C:\Users\rohit\eclipse-workspace\Manipal Capstone Project\src\main\resources\testng.xml</span>
          </div> <!-- main-panel-header rounded-window-top -->
          <div class="main-panel-content rounded-window-bottom">
            <pre>
&lt;?xml version=&quot;1.0&quot; encoding=&quot;UTF-8&quot;?&gt;
&lt;!DOCTYPE suite SYSTEM &quot;https://testng.org/testng-1.0.dtd&quot;&gt;
&lt;suite name=&quot;Manipal Capstone Project XYZ Bank Automation&quot; guice-stage=&quot;DEVELOPMENT&quot; verbose=&quot;0&quot;&gt;
  &lt;listeners&gt;
    &lt;listener class-name=&quot;com.qa.ExtentReportListener.ExtentReporterNG&quot;/&gt;
  &lt;/listeners&gt;
  &lt;test thread-count=&quot;5&quot; name=&quot;Maniap Capstone Project Running on Chrome&quot; verbose=&quot;0&quot;&gt;
    &lt;classes&gt;
      &lt;class name=&quot;com.mcp.qa.testcases.HomeAndNavigationTest&quot;/&gt;
      &lt;class name=&quot;com.mcp.qa.testcases.AddCustomersTest&quot;/&gt;
      &lt;class name=&quot;com.mcp.qa.testcases.OpenAccountTest&quot;/&gt;
      &lt;class name=&quot;com.mcp.qa.testcases.CustomersTest&quot;/&gt;
      &lt;class name=&quot;com.mcp.qa.testcases.ExistingCustomerTest&quot;/&gt;
      &lt;class name=&quot;com.mcp.qa.testcases.CustomerLoginAndDetailsTest&quot;/&gt;
      &lt;class name=&quot;com.mcp.qa.testcases.DepositAndWithdrawalTest&quot;/&gt;
      &lt;class name=&quot;com.mcp.qa.testcases.TransactionDetailsTest&quot;/&gt;
    &lt;/classes&gt;
  &lt;/test&gt; &lt;!-- Maniap Capstone Project Running on Chrome --&gt;
&lt;/suite&gt; &lt;!-- Manipal Capstone Project XYZ Bank Automation --&gt;
            </pre>
          </div> <!-- main-panel-content rounded-window-bottom -->
        </div> <!-- panel -->
        <div panel-name="testlist-Manipal_Capstone_Project_XYZ_Bank_Automation" class="panel">
          <div class="main-panel-header rounded-window-top">
            <span class="header-content">Tests for Manipal Capstone Project XYZ Bank Automation</span>
          </div> <!-- main-panel-header rounded-window-top -->
          <div class="main-panel-content rounded-window-bottom">
            <ul>
              <li>
                <span class="test-name">Maniap Capstone Project Running on Chrome (8 classes)</span>
              </li>
            </ul>
          </div> <!-- main-panel-content rounded-window-bottom -->
        </div> <!-- panel -->
        <div panel-name="group-Manipal_Capstone_Project_XYZ_Bank_Automation" class="panel">
          <div class="main-panel-header rounded-window-top">
            <span class="header-content">Groups for Manipal Capstone Project XYZ Bank Automation</span>
          </div> <!-- main-panel-header rounded-window-top -->
          <div class="main-panel-content rounded-window-bottom">
          </div> <!-- main-panel-content rounded-window-bottom -->
        </div> <!-- panel -->
        <div panel-name="times-Manipal_Capstone_Project_XYZ_Bank_Automation" class="panel">
          <div class="main-panel-header rounded-window-top">
            <span class="header-content">Times for Manipal Capstone Project XYZ Bank Automation</span>
          </div> <!-- main-panel-header rounded-window-top -->
          <div class="main-panel-content rounded-window-bottom">
            <div class="times-div">
              <script type="text/javascript">
suiteTableInitFunctions.push('tableData_Manipal_Capstone_Project_XYZ_Bank_Automation');
function tableData_Manipal_Capstone_Project_XYZ_Bank_Automation() {
var data = new google.visualization.DataTable();
data.addColumn('number', 'Number');
data.addColumn('string', 'Method');
data.addColumn('string', 'Class');
data.addColumn('number', 'Time (ms)');
data.addRows(9);
data.setCell(0, 0, 0)
data.setCell(0, 1, 'testCustomerLoginFlow')
data.setCell(0, 2, 'com.mcp.qa.testcases.TransactionDetailsTest')
data.setCell(0, 3, 10405);
data.setCell(1, 0, 1)
data.setCell(1, 1, 'testCustomerLoginFlow')
data.setCell(1, 2, 'com.mcp.qa.testcases.DepositAndWithdrawalTest')
data.setCell(1, 3, 7772);
data.setCell(2, 0, 2)
data.setCell(2, 1, 'managertest')
data.setCell(2, 2, 'com.mcp.qa.testcases.CustomersTest')
data.setCell(2, 3, 6490);
data.setCell(3, 0, 3)
data.setCell(3, 1, 'existingtest')
data.setCell(3, 2, 'com.mcp.qa.testcases.ExistingCustomerTest')
data.setCell(3, 3, 5313);
data.setCell(4, 0, 4)
data.setCell(4, 1, 'managertest')
data.setCell(4, 2, 'com.mcp.qa.testcases.OpenAccountTest')
data.setCell(4, 3, 5157);
data.setCell(5, 0, 5)
data.setCell(5, 1, 'testCustomerLoginFlow')
data.setCell(5, 2, 'com.mcp.qa.testcases.CustomerLoginAndDetailsTest')
data.setCell(5, 3, 3036);
data.setCell(6, 0, 6)
data.setCell(6, 1, 'customerDetails')
data.setCell(6, 2, 'com.mcp.qa.testcases.AddCustomersTest')
data.setCell(6, 3, 2191);
data.setCell(7, 0, 7)
data.setCell(7, 1, 'invalidCustomerDetails')
data.setCell(7, 2, 'com.mcp.qa.testcases.AddCustomersTest')
data.setCell(7, 3, 1970);
data.setCell(8, 0, 8)
data.setCell(8, 1, 'Homepagefun')
data.setCell(8, 2, 'com.mcp.qa.testcases.HomeAndNavigationTest')
data.setCell(8, 3, 1291);
window.suiteTableData['Manipal_Capstone_Project_XYZ_Bank_Automation']= { tableData: data, tableDiv: 'times-div-Manipal_Capstone_Project_XYZ_Bank_Automation'}
return data;
}
              </script>
              <span class="suite-total-time">Total running time: 43 seconds</span>
              <div id="times-div-Manipal_Capstone_Project_XYZ_Bank_Automation">
              </div> <!-- times-div-Manipal_Capstone_Project_XYZ_Bank_Automation -->
            </div> <!-- times-div -->
          </div> <!-- main-panel-content rounded-window-bottom -->
        </div> <!-- panel -->
        <div panel-name="reporter-Manipal_Capstone_Project_XYZ_Bank_Automation" class="panel">
          <div class="main-panel-header rounded-window-top">
            <span class="header-content">Reporter output for Manipal Capstone Project XYZ Bank Automation</span>
          </div> <!-- main-panel-header rounded-window-top -->
          <div class="main-panel-content rounded-window-bottom">
          </div> <!-- main-panel-content rounded-window-bottom -->
        </div> <!-- panel -->
        <div panel-name="ignored-methods-Manipal_Capstone_Project_XYZ_Bank_Automation" class="panel">
          <div class="main-panel-header rounded-window-top">
            <span class="header-content">0 ignored methods</span>
          </div> <!-- main-panel-header rounded-window-top -->
          <div class="main-panel-content rounded-window-bottom">
          </div> <!-- main-panel-content rounded-window-bottom -->
        </div> <!-- panel -->
        <div panel-name="chronological-Manipal_Capstone_Project_XYZ_Bank_Automation" class="panel">
          <div class="main-panel-header rounded-window-top">
            <span class="header-content">Methods in chronological order</span>
          </div> <!-- main-panel-header rounded-window-top -->
          <div class="main-panel-content rounded-window-bottom">
            <div class="chronological-class">
              <div class="chronological-class-name">com.mcp.qa.testcases.HomeAndNavigationTest</div> <!-- chronological-class-name -->
              <div class="configuration-method before">
                <span class="method-name">setUp</span>
                <span class="method-start">0 ms</span>
              </div> <!-- configuration-method before -->
              <div class="test-method">
                <span class="method-name">Homepagefun</span>
                <span class="method-start">5896 ms</span>
              </div> <!-- test-method -->
            </div> <!-- chronological-class -->
            <div class="chronological-class">
              <div class="chronological-class-name">com.mcp.qa.testcases.AddCustomersTest</div> <!-- chronological-class-name -->
              <div class="configuration-method before">
                <span class="method-name">setUp</span>
                <span class="method-start">7208 ms</span>
              </div> <!-- configuration-method before -->
              <div class="test-method">
                <span class="method-name">customerDetails</span>
                <span class="method-start">9408 ms</span>
              </div> <!-- test-method -->
              <div class="configuration-method before">
                <span class="method-name">setUp</span>
                <span class="method-start">11605 ms</span>
              </div> <!-- configuration-method before -->
              <div class="test-method">
                <img src="failed.png">
                </img>
                <span class="method-name">invalidCustomerDetails</span>
                <span class="method-start">14094 ms</span>
              </div> <!-- test-method -->
            </div> <!-- chronological-class -->
            <div class="chronological-class">
              <div class="chronological-class-name">com.mcp.qa.testcases.OpenAccountTest</div> <!-- chronological-class-name -->
              <div class="configuration-method before">
                <span class="method-name">setUp</span>
                <span class="method-start">16087 ms</span>
              </div> <!-- configuration-method before -->
              <div class="test-method">
                <span class="method-name">managertest</span>
                <span class="method-start">19244 ms</span>
              </div> <!-- test-method -->
            </div> <!-- chronological-class -->
            <div class="chronological-class">
              <div class="chronological-class-name">com.mcp.qa.testcases.CustomersTest</div> <!-- chronological-class-name -->
              <div class="configuration-method before">
                <span class="method-name">setUp</span>
                <span class="method-start">24407 ms</span>
              </div> <!-- configuration-method before -->
              <div class="test-method">
                <img src="failed.png">
                </img>
                <span class="method-name">managertest</span>
                <span class="method-start">27672 ms</span>
              </div> <!-- test-method -->
            </div> <!-- chronological-class -->
            <div class="chronological-class">
              <div class="chronological-class-name">com.mcp.qa.testcases.ExistingCustomerTest</div> <!-- chronological-class-name -->
              <div class="configuration-method before">
                <span class="method-name">setUp</span>
                <span class="method-start">34167 ms</span>
              </div> <!-- configuration-method before -->
              <div class="test-method">
                <span class="method-name">existingtest</span>
                <span class="method-start">36492 ms</span>
              </div> <!-- test-method -->
            </div> <!-- chronological-class -->
            <div class="chronological-class">
              <div class="chronological-class-name">com.mcp.qa.testcases.CustomerLoginAndDetailsTest</div> <!-- chronological-class-name -->
              <div class="configuration-method before">
                <span class="method-name">setUp</span>
                <span class="method-start">41810 ms</span>
              </div> <!-- configuration-method before -->
              <div class="test-method">
                <span class="method-name">testCustomerLoginFlow</span>
                <span class="method-start">44096 ms</span>
              </div> <!-- test-method -->
            </div> <!-- chronological-class -->
            <div class="chronological-class">
              <div class="chronological-class-name">com.mcp.qa.testcases.DepositAndWithdrawalTest</div> <!-- chronological-class-name -->
              <div class="configuration-method before">
                <span class="method-name">setUp</span>
                <span class="method-start">47137 ms</span>
              </div> <!-- configuration-method before -->
              <div class="test-method">
                <span class="method-name">testCustomerLoginFlow</span>
                <span class="method-start">49461 ms</span>
              </div> <!-- test-method -->
            </div> <!-- chronological-class -->
            <div class="chronological-class">
              <div class="chronological-class-name">com.mcp.qa.testcases.TransactionDetailsTest</div> <!-- chronological-class-name -->
              <div class="configuration-method before">
                <span class="method-name">setUp</span>
                <span class="method-start">57234 ms</span>
              </div> <!-- configuration-method before -->
              <div class="test-method">
                <img src="failed.png">
                </img>
                <span class="method-name">testCustomerLoginFlow</span>
                <span class="method-start">60862 ms</span>
              </div> <!-- test-method -->
          </div> <!-- main-panel-content rounded-window-bottom -->
        </div> <!-- panel -->
      </div> <!-- main-panel-root -->
    </div> <!-- wrapper -->
  </body>
<script type="text/javascript" src="testng-reports2.js"></script>
</html>
