<?xml version="1.0" encoding="UTF-8"?>
<testsuite xmlns:xsi="http://www.w3.org/2001/XMLSchema-instance" xsi:noNamespaceSchemaLocation="https://maven.apache.org/surefire/maven-surefire-plugin/xsd/surefire-test-report.xsd" name="TestSuite" time="73.272" tests="9" errors="0" skipped="0" failures="3">
  <properties>
    <property name="java.specification.version" value="21"/>
    <property name="sun.cpu.isalist" value="amd64"/>
    <property name="sun.jnu.encoding" value="Cp1252"/>
    <property name="java.class.path" value="C:\Users\rohit\eclipse-workspace\Manipal Capstone Project\target\test-classes;C:\Users\rohit\eclipse-workspace\Manipal Capstone Project\target\classes;C:\Users\rohit\.m2\repository\org\seleniumhq\selenium\selenium-java\4.15.0\selenium-java-4.15.0.jar;C:\Users\rohit\.m2\repository\org\seleniumhq\selenium\selenium-api\4.15.0\selenium-api-4.15.0.jar;C:\Users\rohit\.m2\repository\org\seleniumhq\selenium\selenium-chrome-driver\4.15.0\selenium-chrome-driver-4.15.0.jar;C:\Users\rohit\.m2\repository\com\google\auto\service\auto-service-annotations\1.1.1\auto-service-annotations-1.1.1.jar;C:\Users\rohit\.m2\repository\org\seleniumhq\selenium\selenium-chromium-driver\4.15.0\selenium-chromium-driver-4.15.0.jar;C:\Users\rohit\.m2\repository\org\seleniumhq\selenium\selenium-json\4.15.0\selenium-json-4.15.0.jar;C:\Users\rohit\.m2\repository\org\seleniumhq\selenium\selenium-manager\4.15.0\selenium-manager-4.15.0.jar;C:\Users\rohit\.m2\repository\org\seleniumhq\selenium\selenium-devtools-v117\4.15.0\selenium-devtools-v117-4.15.0.jar;C:\Users\rohit\.m2\repository\org\seleniumhq\selenium\selenium-devtools-v118\4.15.0\selenium-devtools-v118-4.15.0.jar;C:\Users\rohit\.m2\repository\org\seleniumhq\selenium\selenium-devtools-v119\4.15.0\selenium-devtools-v119-4.15.0.jar;C:\Users\rohit\.m2\repository\org\seleniumhq\selenium\selenium-devtools-v85\4.15.0\selenium-devtools-v85-4.15.0.jar;C:\Users\rohit\.m2\repository\org\seleniumhq\selenium\selenium-edge-driver\4.15.0\selenium-edge-driver-4.15.0.jar;C:\Users\rohit\.m2\repository\org\seleniumhq\selenium\selenium-firefox-driver\4.15.0\selenium-firefox-driver-4.15.0.jar;C:\Users\rohit\.m2\repository\org\seleniumhq\selenium\selenium-http\4.15.0\selenium-http-4.15.0.jar;C:\Users\rohit\.m2\repository\dev\failsafe\failsafe\3.3.2\failsafe-3.3.2.jar;C:\Users\rohit\.m2\repository\org\seleniumhq\selenium\selenium-ie-driver\4.15.0\selenium-ie-driver-4.15.0.jar;C:\Users\rohit\.m2\repository\org\seleniumhq\selenium\selenium-remote-driver\4.15.0\selenium-remote-driver-4.15.0.jar;C:\Users\rohit\.m2\repository\com\google\guava\guava\32.1.2-jre\guava-32.1.2-jre.jar;C:\Users\rohit\.m2\repository\com\google\guava\failureaccess\1.0.1\failureaccess-1.0.1.jar;C:\Users\rohit\.m2\repository\com\google\guava\listenablefuture\9999.0-empty-to-avoid-conflict-with-guava\listenablefuture-9999.0-empty-to-avoid-conflict-with-guava.jar;C:\Users\rohit\.m2\repository\com\google\code\findbugs\jsr305\3.0.2\jsr305-3.0.2.jar;C:\Users\rohit\.m2\repository\org\checkerframework\checker-qual\3.33.0\checker-qual-3.33.0.jar;C:\Users\rohit\.m2\repository\com\google\errorprone\error_prone_annotations\2.18.0\error_prone_annotations-2.18.0.jar;C:\Users\rohit\.m2\repository\com\google\j2objc\j2objc-annotations\2.8\j2objc-annotations-2.8.jar;C:\Users\rohit\.m2\repository\io\opentelemetry\opentelemetry-api\1.28.0\opentelemetry-api-1.28.0.jar;C:\Users\rohit\.m2\repository\io\opentelemetry\opentelemetry-context\1.28.0\opentelemetry-context-1.28.0.jar;C:\Users\rohit\.m2\repository\io\opentelemetry\opentelemetry-exporter-logging\1.28.0\opentelemetry-exporter-logging-1.28.0.jar;C:\Users\rohit\.m2\repository\io\opentelemetry\opentelemetry-sdk-metrics\1.28.0\opentelemetry-sdk-metrics-1.28.0.jar;C:\Users\rohit\.m2\repository\io\opentelemetry\opentelemetry-extension-incubator\1.28.0-alpha\opentelemetry-extension-incubator-1.28.0-alpha.jar;C:\Users\rohit\.m2\repository\io\opentelemetry\opentelemetry-sdk-logs\1.28.0\opentelemetry-sdk-logs-1.28.0.jar;C:\Users\rohit\.m2\repository\io\opentelemetry\opentelemetry-sdk-common\1.28.0\opentelemetry-sdk-common-1.28.0.jar;C:\Users\rohit\.m2\repository\io\opentelemetry\opentelemetry-sdk-extension-autoconfigure-spi\1.28.0\opentelemetry-sdk-extension-autoconfigure-spi-1.28.0.jar;C:\Users\rohit\.m2\repository\io\opentelemetry\opentelemetry-sdk-extension-autoconfigure\1.28.0\opentelemetry-sdk-extension-autoconfigure-1.28.0.jar;C:\Users\rohit\.m2\repository\io\opentelemetry\opentelemetry-api-events\1.28.0-alpha\opentelemetry-api-events-1.28.0-alpha.jar;C:\Users\rohit\.m2\repository\io\opentelemetry\opentelemetry-sdk-trace\1.28.0\opentelemetry-sdk-trace-1.28.0.jar;C:\Users\rohit\.m2\repository\io\opentelemetry\opentelemetry-sdk\1.28.0\opentelemetry-sdk-1.28.0.jar;C:\Users\rohit\.m2\repository\io\opentelemetry\opentelemetry-semconv\1.28.0-alpha\opentelemetry-semconv-1.28.0-alpha.jar;C:\Users\rohit\.m2\repository\net\bytebuddy\byte-buddy\1.14.5\byte-buddy-1.14.5.jar;C:\Users\rohit\.m2\repository\org\seleniumhq\selenium\selenium-os\4.15.0\selenium-os-4.15.0.jar;C:\Users\rohit\.m2\repository\org\apache\commons\commons-exec\1.3\commons-exec-1.3.jar;C:\Users\rohit\.m2\repository\org\seleniumhq\selenium\selenium-safari-driver\4.15.0\selenium-safari-driver-4.15.0.jar;C:\Users\rohit\.m2\repository\org\seleniumhq\selenium\selenium-support\4.15.0\selenium-support-4.15.0.jar;C:\Users\rohit\.m2\repository\org\testng\testng\7.7.0\testng-7.7.0.jar;C:\Users\rohit\.m2\repository\org\slf4j\slf4j-api\1.7.36\slf4j-api-1.7.36.jar;C:\Users\rohit\.m2\repository\com\beust\jcommander\1.82\jcommander-1.82.jar;C:\Users\rohit\.m2\repository\org\webjars\jquery\3.6.1\jquery-3.6.1.jar;C:\Users\rohit\.m2\repository\org\apache\poi\poi\3.9\poi-3.9.jar;C:\Users\rohit\.m2\repository\commons-codec\commons-codec\1.5\commons-codec-1.5.jar;C:\Users\rohit\.m2\repository\org\apache\poi\poi-ooxml\3.9\poi-ooxml-3.9.jar;C:\Users\rohit\.m2\repository\dom4j\dom4j\1.6.1\dom4j-1.6.1.jar;C:\Users\rohit\.m2\repository\xml-apis\xml-apis\1.0.b2\xml-apis-1.0.b2.jar;C:\Users\rohit\.m2\repository\org\apache\poi\poi-ooxml-schemas\3.9\poi-ooxml-schemas-3.9.jar;C:\Users\rohit\.m2\repository\org\apache\xmlbeans\xmlbeans\2.3.0\xmlbeans-2.3.0.jar;C:\Users\rohit\.m2\repository\stax\stax-api\1.0.1\stax-api-1.0.1.jar;C:\Users\rohit\.m2\repository\org\apache\poi\poi-scratchpad\3.9\poi-scratchpad-3.9.jar;C:\Users\rohit\.m2\repository\org\apache\poi\ooxml-schemas\1.1\ooxml-schemas-1.1.jar;C:\Users\rohit\.m2\repository\org\apache\poi\openxml4j\1.0-beta\openxml4j-1.0-beta.jar;C:\Users\rohit\.m2\repository\log4j\log4j\1.2.8\log4j-1.2.8.jar;C:\Users\rohit\.m2\repository\com\relevantcodes\extentreports\2.41.2\extentreports-2.41.2.jar;C:\Users\rohit\.m2\repository\org\jsoup\jsoup\1.8.3\jsoup-1.8.3.jar;C:\Users\rohit\.m2\repository\org\xerial\sqlite-jdbc\3.8.11.1\sqlite-jdbc-3.8.11.1.jar;C:\Users\rohit\.m2\repository\org\freemarker\freemarker\2.3.23\freemarker-2.3.23.jar;C:\Users\rohit\.m2\repository\org\mongodb\mongodb-driver\3.0.4\mongodb-driver-3.0.4.jar;C:\Users\rohit\.m2\repository\org\mongodb\bson\3.0.4\bson-3.0.4.jar;C:\Users\rohit\.m2\repository\org\mongodb\mongodb-driver-core\3.0.4\mongodb-driver-core-3.0.4.jar;C:\Users\rohit\.m2\repository\commons-io\commons-io\2.6\commons-io-2.6.jar;"/>
    <property name="java.vm.vendor" value="Oracle Corporation"/>
    <property name="sun.arch.data.model" value="64"/>
    <property name="user.variant" value=""/>
    <property name="java.vendor.url" value="https://java.oracle.com/"/>
    <property name="user.timezone" value="Asia/Calcutta"/>
    <property name="os.name" value="Windows 11"/>
    <property name="java.vm.specification.version" value="21"/>
    <property name="sun.java.launcher" value="SUN_STANDARD"/>
    <property name="user.country" value="IN"/>
    <property name="sun.boot.library.path" value="C:\Program Files\Java\jdk-21\bin"/>
    <property name="sun.java.command" value="C:\Users\rohit\AppData\Local\Temp\surefire6260462575670972110\surefirebooter3105283401432021275.jar C:\Users\rohit\AppData\Local\Temp\surefire6260462575670972110 2024-03-11T13-48-59_571-jvmRun1 surefire15136647552724189979tmp surefire_017433998978508745598tmp"/>
    <property name="jdk.debug" value="release"/>
    <property name="surefire.test.class.path" value="C:\Users\rohit\eclipse-workspace\Manipal Capstone Project\target\test-classes;C:\Users\rohit\eclipse-workspace\Manipal Capstone Project\target\classes;C:\Users\rohit\.m2\repository\org\seleniumhq\selenium\selenium-java\4.15.0\selenium-java-4.15.0.jar;C:\Users\rohit\.m2\repository\org\seleniumhq\selenium\selenium-api\4.15.0\selenium-api-4.15.0.jar;C:\Users\rohit\.m2\repository\org\seleniumhq\selenium\selenium-chrome-driver\4.15.0\selenium-chrome-driver-4.15.0.jar;C:\Users\rohit\.m2\repository\com\google\auto\service\auto-service-annotations\1.1.1\auto-service-annotations-1.1.1.jar;C:\Users\rohit\.m2\repository\org\seleniumhq\selenium\selenium-chromium-driver\4.15.0\selenium-chromium-driver-4.15.0.jar;C:\Users\rohit\.m2\repository\org\seleniumhq\selenium\selenium-json\4.15.0\selenium-json-4.15.0.jar;C:\Users\rohit\.m2\repository\org\seleniumhq\selenium\selenium-manager\4.15.0\selenium-manager-4.15.0.jar;C:\Users\rohit\.m2\repository\org\seleniumhq\selenium\selenium-devtools-v117\4.15.0\selenium-devtools-v117-4.15.0.jar;C:\Users\rohit\.m2\repository\org\seleniumhq\selenium\selenium-devtools-v118\4.15.0\selenium-devtools-v118-4.15.0.jar;C:\Users\rohit\.m2\repository\org\seleniumhq\selenium\selenium-devtools-v119\4.15.0\selenium-devtools-v119-4.15.0.jar;C:\Users\rohit\.m2\repository\org\seleniumhq\selenium\selenium-devtools-v85\4.15.0\selenium-devtools-v85-4.15.0.jar;C:\Users\rohit\.m2\repository\org\seleniumhq\selenium\selenium-edge-driver\4.15.0\selenium-edge-driver-4.15.0.jar;C:\Users\rohit\.m2\repository\org\seleniumhq\selenium\selenium-firefox-driver\4.15.0\selenium-firefox-driver-4.15.0.jar;C:\Users\rohit\.m2\repository\org\seleniumhq\selenium\selenium-http\4.15.0\selenium-http-4.15.0.jar;C:\Users\rohit\.m2\repository\dev\failsafe\failsafe\3.3.2\failsafe-3.3.2.jar;C:\Users\rohit\.m2\repository\org\seleniumhq\selenium\selenium-ie-driver\4.15.0\selenium-ie-driver-4.15.0.jar;C:\Users\rohit\.m2\repository\org\seleniumhq\selenium\selenium-remote-driver\4.15.0\selenium-remote-driver-4.15.0.jar;C:\Users\rohit\.m2\repository\com\google\guava\guava\32.1.2-jre\guava-32.1.2-jre.jar;C:\Users\rohit\.m2\repository\com\google\guava\failureaccess\1.0.1\failureaccess-1.0.1.jar;C:\Users\rohit\.m2\repository\com\google\guava\listenablefuture\9999.0-empty-to-avoid-conflict-with-guava\listenablefuture-9999.0-empty-to-avoid-conflict-with-guava.jar;C:\Users\rohit\.m2\repository\com\google\code\findbugs\jsr305\3.0.2\jsr305-3.0.2.jar;C:\Users\rohit\.m2\repository\org\checkerframework\checker-qual\3.33.0\checker-qual-3.33.0.jar;C:\Users\rohit\.m2\repository\com\google\errorprone\error_prone_annotations\2.18.0\error_prone_annotations-2.18.0.jar;C:\Users\rohit\.m2\repository\com\google\j2objc\j2objc-annotations\2.8\j2objc-annotations-2.8.jar;C:\Users\rohit\.m2\repository\io\opentelemetry\opentelemetry-api\1.28.0\opentelemetry-api-1.28.0.jar;C:\Users\rohit\.m2\repository\io\opentelemetry\opentelemetry-context\1.28.0\opentelemetry-context-1.28.0.jar;C:\Users\rohit\.m2\repository\io\opentelemetry\opentelemetry-exporter-logging\1.28.0\opentelemetry-exporter-logging-1.28.0.jar;C:\Users\rohit\.m2\repository\io\opentelemetry\opentelemetry-sdk-metrics\1.28.0\opentelemetry-sdk-metrics-1.28.0.jar;C:\Users\rohit\.m2\repository\io\opentelemetry\opentelemetry-extension-incubator\1.28.0-alpha\opentelemetry-extension-incubator-1.28.0-alpha.jar;C:\Users\rohit\.m2\repository\io\opentelemetry\opentelemetry-sdk-logs\1.28.0\opentelemetry-sdk-logs-1.28.0.jar;C:\Users\rohit\.m2\repository\io\opentelemetry\opentelemetry-sdk-common\1.28.0\opentelemetry-sdk-common-1.28.0.jar;C:\Users\rohit\.m2\repository\io\opentelemetry\opentelemetry-sdk-extension-autoconfigure-spi\1.28.0\opentelemetry-sdk-extension-autoconfigure-spi-1.28.0.jar;C:\Users\rohit\.m2\repository\io\opentelemetry\opentelemetry-sdk-extension-autoconfigure\1.28.0\opentelemetry-sdk-extension-autoconfigure-1.28.0.jar;C:\Users\rohit\.m2\repository\io\opentelemetry\opentelemetry-api-events\1.28.0-alpha\opentelemetry-api-events-1.28.0-alpha.jar;C:\Users\rohit\.m2\repository\io\opentelemetry\opentelemetry-sdk-trace\1.28.0\opentelemetry-sdk-trace-1.28.0.jar;C:\Users\rohit\.m2\repository\io\opentelemetry\opentelemetry-sdk\1.28.0\opentelemetry-sdk-1.28.0.jar;C:\Users\rohit\.m2\repository\io\opentelemetry\opentelemetry-semconv\1.28.0-alpha\opentelemetry-semconv-1.28.0-alpha.jar;C:\Users\rohit\.m2\repository\net\bytebuddy\byte-buddy\1.14.5\byte-buddy-1.14.5.jar;C:\Users\rohit\.m2\repository\org\seleniumhq\selenium\selenium-os\4.15.0\selenium-os-4.15.0.jar;C:\Users\rohit\.m2\repository\org\apache\commons\commons-exec\1.3\commons-exec-1.3.jar;C:\Users\rohit\.m2\repository\org\seleniumhq\selenium\selenium-safari-driver\4.15.0\selenium-safari-driver-4.15.0.jar;C:\Users\rohit\.m2\repository\org\seleniumhq\selenium\selenium-support\4.15.0\selenium-support-4.15.0.jar;C:\Users\rohit\.m2\repository\org\testng\testng\7.7.0\testng-7.7.0.jar;C:\Users\rohit\.m2\repository\org\slf4j\slf4j-api\1.7.36\slf4j-api-1.7.36.jar;C:\Users\rohit\.m2\repository\com\beust\jcommander\1.82\jcommander-1.82.jar;C:\Users\rohit\.m2\repository\org\webjars\jquery\3.6.1\jquery-3.6.1.jar;C:\Users\rohit\.m2\repository\org\apache\poi\poi\3.9\poi-3.9.jar;C:\Users\rohit\.m2\repository\commons-codec\commons-codec\1.5\commons-codec-1.5.jar;C:\Users\rohit\.m2\repository\org\apache\poi\poi-ooxml\3.9\poi-ooxml-3.9.jar;C:\Users\rohit\.m2\repository\dom4j\dom4j\1.6.1\dom4j-1.6.1.jar;C:\Users\rohit\.m2\repository\xml-apis\xml-apis\1.0.b2\xml-apis-1.0.b2.jar;C:\Users\rohit\.m2\repository\org\apache\poi\poi-ooxml-schemas\3.9\poi-ooxml-schemas-3.9.jar;C:\Users\rohit\.m2\repository\org\apache\xmlbeans\xmlbeans\2.3.0\xmlbeans-2.3.0.jar;C:\Users\rohit\.m2\repository\stax\stax-api\1.0.1\stax-api-1.0.1.jar;C:\Users\rohit\.m2\repository\org\apache\poi\poi-scratchpad\3.9\poi-scratchpad-3.9.jar;C:\Users\rohit\.m2\repository\org\apache\poi\ooxml-schemas\1.1\ooxml-schemas-1.1.jar;C:\Users\rohit\.m2\repository\org\apache\poi\openxml4j\1.0-beta\openxml4j-1.0-beta.jar;C:\Users\rohit\.m2\repository\log4j\log4j\1.2.8\log4j-1.2.8.jar;C:\Users\rohit\.m2\repository\com\relevantcodes\extentreports\2.41.2\extentreports-2.41.2.jar;C:\Users\rohit\.m2\repository\org\jsoup\jsoup\1.8.3\jsoup-1.8.3.jar;C:\Users\rohit\.m2\repository\org\xerial\sqlite-jdbc\3.8.11.1\sqlite-jdbc-3.8.11.1.jar;C:\Users\rohit\.m2\repository\org\freemarker\freemarker\2.3.23\freemarker-2.3.23.jar;C:\Users\rohit\.m2\repository\org\mongodb\mongodb-driver\3.0.4\mongodb-driver-3.0.4.jar;C:\Users\rohit\.m2\repository\org\mongodb\bson\3.0.4\bson-3.0.4.jar;C:\Users\rohit\.m2\repository\org\mongodb\mongodb-driver-core\3.0.4\mongodb-driver-core-3.0.4.jar;C:\Users\rohit\.m2\repository\commons-io\commons-io\2.6\commons-io-2.6.jar;"/>
    <property name="sun.cpu.endian" value="little"/>
    <property name="user.home" value="C:\Users\rohit"/>
    <property name="user.language" value="en"/>
    <property name="java.specification.vendor" value="Oracle Corporation"/>
    <property name="java.version.date" value="2024-01-16"/>
    <property name="java.home" value="C:\Program Files\Java\jdk-21"/>
    <property name="file.separator" value="\"/>
    <property name="basedir" value="C:\Users\rohit\eclipse-workspace\Manipal Capstone Project"/>
    <property name="style.color" value="always"/>
    <property name="java.vm.compressedOopsMode" value="32-bit"/>
    <property name="line.separator" value="&#10;"/>
    <property name="java.vm.specification.vendor" value="Oracle Corporation"/>
    <property name="java.specification.name" value="Java Platform API Specification"/>
    <property name="surefire.real.class.path" value="C:\Users\rohit\AppData\Local\Temp\surefire6260462575670972110\surefirebooter3105283401432021275.jar"/>
    <property name="user.script" value=""/>
    <property name="sun.management.compiler" value="HotSpot 64-Bit Tiered Compilers"/>
    <property name="java.runtime.version" value="21.0.2+13-LTS-58"/>
    <property name="user.name" value="rohit"/>
    <property name="stdout.encoding" value="Cp1252"/>
    <property name="path.separator" value=";"/>
    <property name="os.version" value="10.0"/>
    <property name="java.runtime.name" value="Java(TM) SE Runtime Environment"/>
    <property name="file.encoding" value="UTF-8"/>
    <property name="java.vm.name" value="Java HotSpot(TM) 64-Bit Server VM"/>
    <property name="localRepository" value="C:\Users\rohit\.m2\repository"/>
    <property name="java.vendor.url.bug" value="https://bugreport.java.com/bugreport/"/>
    <property name="java.io.tmpdir" value="C:\Users\rohit\AppData\Local\Temp\"/>
    <property name="java.version" value="21.0.2"/>
    <property name="user.dir" value="C:\Users\rohit\eclipse-workspace\Manipal Capstone Project"/>
    <property name="os.arch" value="amd64"/>
    <property name="java.vm.specification.name" value="Java Virtual Machine Specification"/>
    <property name="sun.os.patch.level" value=""/>
    <property name="native.encoding" value="Cp1252"/>
    <property name="java.library.path" value="C:\Program Files\Java\jdk-21\bin;C:\WINDOWS\Sun\Java\bin;C:\WINDOWS\system32;C:\WINDOWS;C:\Program Files (x86)\VMware\VMware Player\bin\;C:\Program Files\Common Files\Oracle\Java\javapath;C:\Program Files\Python310\Scripts\;C:\Program Files\Python310\;C:\Program Files\Python\Scripts\;C:\Program Files\Python\;C:\Program Files\Scripts\;C:\Program Files\;C:\Windows\system32;C:\Windows;C:\Windows\System32\Wbem;C:\Windows\System32\WindowsPowerShell\v1.0\;C:\Windows\System32\OpenSSH\;C:\Program Files (x86)\NVIDIA Corporation\PhysX\Common;C:\Program Files\NVIDIA Corporation\NVIDIA NvDLISR;C:\Program Files\Python310;C:\Users\rohit\AppData\Roaming\Python\Python310\site-packages;C:\Program Files (x86)\dotnet\;C:\WINDOWS\system32;C:\WINDOWS;C:\WINDOWS\System32\Wbem;C:\WINDOWS\System32\WindowsPowerShell\v1.0\;C:\WINDOWS\System32\OpenSSH\;C:\src\flutter\bin;C:\Program Files\dotnet\;C:\Program Files\Git\cmd;C:\Users\rohit\AppData\Roaming\Python\Python310\Scripts;C:\Users\rohit\AppData\Local\Microsoft\WindowsApps;C:\Users\rohit\AppData\Local\Programs\Microsoft VS Code\bin;C:\Program Files\Python310;C:\Program Files\JetBrains\PyCharm Community Edition 2021.3.2\bin;;C:\Users\rohit\AppData\Roaming\Python\Python310\site-packages;;."/>
    <property name="java.vm.info" value="mixed mode, sharing"/>
    <property name="stderr.encoding" value="Cp1252"/>
    <property name="java.vendor" value="Oracle Corporation"/>
    <property name="java.vm.version" value="21.0.2+13-LTS-58"/>
    <property name="sun.io.unicode.encoding" value="UnicodeLittle"/>
    <property name="java.class.version" value="65.0"/>
  </properties>
  <testcase name="Homepagefun" classname="com.mcp.qa.testcases.HomeAndNavigationTest" time="1.303"/>
  <testcase name="customerDetails" classname="com.mcp.qa.testcases.AddCustomersTest" time="2.193"/>
  <testcase name="invalidCustomerDetails" classname="com.mcp.qa.testcases.AddCustomersTest" time="1.994">
    <failure message="Account is not added as the details are invalid expected [Please provide the valid Customer details] but found [Customer added successfully with customer id :6]" type="java.lang.AssertionError">java.lang.AssertionError: Account is not added as the details are invalid expected [Please provide the valid Customer details] but found [Customer added successfully with customer id :6]
	at com.mcp.qa.testcases.AddCustomersTest.invalidCustomerDetails(AddCustomersTest.java:33)
</failure>
    <system-out><![CDATA[Before navigating to: 'https://www.globalsqa.com/angularJs-protractor/BankingProject/#/login'
Navigated to:'https://www.globalsqa.com/angularJs-protractor/BankingProject/#/login'
Trying to find Element By : By.xpath: //button[contains(text(),'Bank Manager Login')]
Found Element By : By.xpath: //button[contains(text(),'Bank Manager Login')]
Trying to find Element By : By.xpath: //button[contains(text(),'Bank Manager Login')]
Found Element By : By.xpath: //button[contains(text(),'Bank Manager Login')]
Trying to click on: [[ChromeDriver: chrome on windows (0b8a02086f64698d38c4dfaaf7bd9343)] -> xpath: //button[contains(text(),'Bank Manager Login')]]
Clicked on: [[ChromeDriver: chrome on windows (0b8a02086f64698d38c4dfaaf7bd9343)] -> xpath: //button[contains(text(),'Bank Manager Login')]]
Manager Login Button is Clicked
Trying to find Element By : By.xpath: //button[contains(text(),'Add Customer')]
Found Element By : By.xpath: //button[contains(text(),'Add Customer')]
Trying to find Element By : By.xpath: //button[contains(text(),'Add Customer')]
Found Element By : By.xpath: //button[contains(text(),'Add Customer')]
Trying to click on: [[ChromeDriver: chrome on windows (0b8a02086f64698d38c4dfaaf7bd9343)] -> xpath: //button[contains(text(),'Add Customer')]]
Clicked on: [[ChromeDriver: chrome on windows (0b8a02086f64698d38c4dfaaf7bd9343)] -> xpath: //button[contains(text(),'Add Customer')]]
Add Customer Button is Clicked
Trying to find Element By : By.xpath: //input[@placeholder='First Name']
Found Element By : By.xpath: //input[@placeholder='First Name']
First Name : Raj56@#$%^ is Added in the field
Trying to find Element By : By.xpath: //input[@placeholder='Last Name']
Found Element By : By.xpath: //input[@placeholder='Last Name']
Last Name : (*&^Kapoor is Added in the field
Trying to find Element By : By.xpath: //input[@placeholder='Post Code']
Found Element By : By.xpath: //input[@placeholder='Post Code']
Post Code : @#%^XYZA is Added in the field
Trying to find Element By : By.xpath: //button[@type='submit']
Found Element By : By.xpath: //button[@type='submit']
Trying to click on: [[ChromeDriver: chrome on windows (0b8a02086f64698d38c4dfaaf7bd9343)] -> xpath: //button[@type='submit']]
Clicked on: [[ChromeDriver: chrome on windows (0b8a02086f64698d38c4dfaaf7bd9343)] -> xpath: //button[@type='submit']]
]]></system-out>
    <system-err><![CDATA[Mar 11, 2024 1:49:14 PM org.openqa.selenium.devtools.CdpVersionFinder findNearestMatch
WARNING: Unable to find an exact match for CDP version 122, returning the closest version; found: 119; Please update to a Selenium version that supports CDP version 122
]]></system-err>
  </testcase>
  <testcase name="managertest" classname="com.mcp.qa.testcases.OpenAccountTest" time="5.157"/>
  <testcase name="managertest" classname="com.mcp.qa.testcases.CustomersTest" time="6.494">
    <failure message="no such alert&#10;  (Session info: chrome=122.0.6261.112)&#10;Build info: version: &apos;4.15.0&apos;, revision: &apos;1d14b5521b&apos;&#10;System info: os.name: &apos;Windows 11&apos;, os.arch: &apos;amd64&apos;, os.version: &apos;10.0&apos;, java.version: &apos;21.0.2&apos;&#10;Driver info: org.openqa.selenium.chrome.ChromeDriver&#10;Command: [7dcd10de570ee8ce802bada90889892c, getAlertText {}]&#10;Capabilities {acceptInsecureCerts: false, browserName: chrome, browserVersion: 122.0.6261.112, chrome: {chromedriverVersion: 122.0.6261.57 (87957e464700..., userDataDir: C:\Users\rohit\AppData\Loca...}, fedcm:accounts: true, goog:chromeOptions: {debuggerAddress: localhost:52450}, networkConnectionEnabled: false, pageLoadStrategy: normal, platformName: windows, proxy: Proxy(), se:cdp: ws://localhost:52450/devtoo..., se:cdpVersion: 122.0.6261.112, setWindowRect: true, strictFileInteractability: false, timeouts: {implicit: 0, pageLoad: 300000, script: 30000}, unhandledPromptBehavior: dismiss and notify, webauthn:extension:credBlob: true, webauthn:extension:largeBlob: true, webauthn:extension:minPinLength: true, webauthn:extension:prf: true, webauthn:virtualAuthenticators: true}&#10;Session ID: 7dcd10de570ee8ce802bada90889892c" type="org.openqa.selenium.NoAlertPresentException">org.openqa.selenium.NoAlertPresentException: 
no such alert
  (Session info: chrome=122.0.6261.112)
Build info: version: '4.15.0', revision: '1d14b5521b'
System info: os.name: 'Windows 11', os.arch: 'amd64', os.version: '10.0', java.version: '21.0.2'
Driver info: org.openqa.selenium.chrome.ChromeDriver
Command: [7dcd10de570ee8ce802bada90889892c, getAlertText {}]
Capabilities {acceptInsecureCerts: false, browserName: chrome, browserVersion: 122.0.6261.112, chrome: {chromedriverVersion: 122.0.6261.57 (87957e464700..., userDataDir: C:\Users\rohit\AppData\Loca...}, fedcm:accounts: true, goog:chromeOptions: {debuggerAddress: localhost:52450}, networkConnectionEnabled: false, pageLoadStrategy: normal, platformName: windows, proxy: Proxy(), se:cdp: ws://localhost:52450/devtoo..., se:cdpVersion: 122.0.6261.112, setWindowRect: true, strictFileInteractability: false, timeouts: {implicit: 0, pageLoad: 300000, script: 30000}, unhandledPromptBehavior: dismiss and notify, webauthn:extension:credBlob: true, webauthn:extension:largeBlob: true, webauthn:extension:minPinLength: true, webauthn:extension:prf: true, webauthn:virtualAuthenticators: true}
Session ID: 7dcd10de570ee8ce802bada90889892c
	at com.mcp.qa.testcases.CustomersTest.managertest(CustomersTest.java:27)
</failure>
    <system-out><![CDATA[Before navigating to: 'https://www.globalsqa.com/angularJs-protractor/BankingProject/#/login'
Navigated to:'https://www.globalsqa.com/angularJs-protractor/BankingProject/#/login'
Trying to find Element By : By.xpath: //button[contains(text(),'Bank Manager Login')]
Found Element By : By.xpath: //button[contains(text(),'Bank Manager Login')]
Trying to find Element By : By.xpath: //button[contains(text(),'Bank Manager Login')]
Found Element By : By.xpath: //button[contains(text(),'Bank Manager Login')]
Trying to click on: [[ChromeDriver: chrome on windows (7dcd10de570ee8ce802bada90889892c)] -> xpath: //button[contains(text(),'Bank Manager Login')]]
Clicked on: [[ChromeDriver: chrome on windows (7dcd10de570ee8ce802bada90889892c)] -> xpath: //button[contains(text(),'Bank Manager Login')]]
Manager Login Button is Clicked
Trying to find Element By : By.xpath: //button[contains(text(),'Add Customer')]
Found Element By : By.xpath: //button[contains(text(),'Add Customer')]
Trying to find Element By : By.xpath: //button[contains(text(),'Add Customer')]
Found Element By : By.xpath: //button[contains(text(),'Add Customer')]
Trying to click on: [[ChromeDriver: chrome on windows (7dcd10de570ee8ce802bada90889892c)] -> xpath: //button[contains(text(),'Add Customer')]]
Clicked on: [[ChromeDriver: chrome on windows (7dcd10de570ee8ce802bada90889892c)] -> xpath: //button[contains(text(),'Add Customer')]]
Add Customer Button is Clicked
Trying to find Element By : By.xpath: //input[@placeholder='First Name']
Found Element By : By.xpath: //input[@placeholder='First Name']
First Name : Rohit is Added in the field
Trying to find Element By : By.xpath: //input[@placeholder='Last Name']
Found Element By : By.xpath: //input[@placeholder='Last Name']
Last Name : RG is Added in the field
Trying to find Element By : By.xpath: //input[@placeholder='Post Code']
Found Element By : By.xpath: //input[@placeholder='Post Code']
Post Code : 585105 is Added in the field
Trying to find Element By : By.xpath: //button[@type='submit']
Found Element By : By.xpath: //button[@type='submit']
Trying to click on: [[ChromeDriver: chrome on windows (7dcd10de570ee8ce802bada90889892c)] -> xpath: //button[@type='submit']]
Clicked on: [[ChromeDriver: chrome on windows (7dcd10de570ee8ce802bada90889892c)] -> xpath: //button[@type='submit']]
Submit Button is Clicked
Customer added successfully with customer id :6
Trying to find Element By : By.xpath: //button[contains(text(),'Open Account')]
Found Element By : By.xpath: //button[contains(text(),'Open Account')]
Trying to find Element By : By.xpath: //button[contains(text(),'Open Account')]
Found Element By : By.xpath: //button[contains(text(),'Open Account')]
Trying to click on: [[ChromeDriver: chrome on windows (7dcd10de570ee8ce802bada90889892c)] -> xpath: //button[contains(text(),'Open Account')]]
Clicked on: [[ChromeDriver: chrome on windows (7dcd10de570ee8ce802bada90889892c)] -> xpath: //button[contains(text(),'Open Account')]]
Open Account Button is Clicked
Trying to find Element By : By.xpath: (//select[@id='userSelect'])[1]
Found Element By : By.xpath: (//select[@id='userSelect'])[1]
Trying to find Element By : By.xpath: (//select[@id='userSelect'])[1]
Found Element By : By.xpath: (//select[@id='userSelect'])[1]
Trying to find Element By : By.xpath: (//select[@id='userSelect'])[1]
Found Element By : By.xpath: (//select[@id='userSelect'])[1]
Trying to find Element By : By.xpath: (//select[@id='userSelect'])[1]
Found Element By : By.xpath: (//select[@id='userSelect'])[1]
Trying to find Element By : By.xpath: (//select[@id='userSelect'])[1]
Found Element By : By.xpath: (//select[@id='userSelect'])[1]
Trying to find Element By : By.tagName: option
Found Element By : By.tagName: option
Rohit RG is Selected from the Customer DropDown Menu
Trying to find Element By : By.xpath: (//select[@id='userSelect'])[1]
Found Element By : By.xpath: (//select[@id='userSelect'])[1]
Trying to find Element By : By.xpath: (//select[@id='userSelect'])[1]
Found Element By : By.xpath: (//select[@id='userSelect'])[1]
Trying to find Element By : By.tagName: option
Found Element By : By.tagName: option
Trying to click on: [[[[ChromeDriver: chrome on windows (7dcd10de570ee8ce802bada90889892c)] -> xpath: (//select[@id='userSelect'])[1]]] -> tag name: option]
Clicked on: [[[[ChromeDriver: chrome on windows (7dcd10de570ee8ce802bada90889892c)] -> xpath: (//select[@id='userSelect'])[1]]] -> tag name: option]
Rohit RG is Selected from the Customer DropDown Menu
Trying to find Element By : By.xpath: (//select[@id='userSelect'])[1]
Found Element By : By.xpath: (//select[@id='userSelect'])[1]
Trying to find Element By : By.xpath: (//select[@id='userSelect'])[1]
Found Element By : By.xpath: (//select[@id='userSelect'])[1]
Trying to find Element By : By.tagName: option
Found Element By : By.tagName: option
Trying to click on: [[[[ChromeDriver: chrome on windows (7dcd10de570ee8ce802bada90889892c)] -> xpath: (//select[@id='userSelect'])[1]]] -> tag name: option]
Clicked on: [[[[ChromeDriver: chrome on windows (7dcd10de570ee8ce802bada90889892c)] -> xpath: (//select[@id='userSelect'])[1]]] -> tag name: option]
Rohit RG is Selected from the Customer DropDown Menu
Trying to find Element By : By.xpath: (//select[@id='userSelect'])[1]
Found Element By : By.xpath: (//select[@id='userSelect'])[1]
Trying to find Element By : By.xpath: (//select[@id='userSelect'])[1]
Found Element By : By.xpath: (//select[@id='userSelect'])[1]
Trying to find Element By : By.tagName: option
Found Element By : By.tagName: option
Trying to click on: [[[[ChromeDriver: chrome on windows (7dcd10de570ee8ce802bada90889892c)] -> xpath: (//select[@id='userSelect'])[1]]] -> tag name: option]
Clicked on: [[[[ChromeDriver: chrome on windows (7dcd10de570ee8ce802bada90889892c)] -> xpath: (//select[@id='userSelect'])[1]]] -> tag name: option]
Rohit RG is Selected from the Customer DropDown Menu
Trying to find Element By : By.xpath: (//select[@id='userSelect'])[1]
Found Element By : By.xpath: (//select[@id='userSelect'])[1]
Trying to find Element By : By.xpath: (//select[@id='userSelect'])[1]
Found Element By : By.xpath: (//select[@id='userSelect'])[1]
Trying to find Element By : By.tagName: option
Found Element By : By.tagName: option
Trying to click on: [[[[ChromeDriver: chrome on windows (7dcd10de570ee8ce802bada90889892c)] -> xpath: (//select[@id='userSelect'])[1]]] -> tag name: option]
Clicked on: [[[[ChromeDriver: chrome on windows (7dcd10de570ee8ce802bada90889892c)] -> xpath: (//select[@id='userSelect'])[1]]] -> tag name: option]
Rohit RG is Selected from the Customer DropDown Menu
Trying to find Element By : By.xpath: (//select[@id='userSelect'])[1]
Found Element By : By.xpath: (//select[@id='userSelect'])[1]
Trying to find Element By : By.xpath: (//select[@id='userSelect'])[1]
Found Element By : By.xpath: (//select[@id='userSelect'])[1]
Trying to find Element By : By.tagName: option
Found Element By : By.tagName: option
Trying to click on: [[[[ChromeDriver: chrome on windows (7dcd10de570ee8ce802bada90889892c)] -> xpath: (//select[@id='userSelect'])[1]]] -> tag name: option]
Clicked on: [[[[ChromeDriver: chrome on windows (7dcd10de570ee8ce802bada90889892c)] -> xpath: (//select[@id='userSelect'])[1]]] -> tag name: option]
Rohit RG is Selected from the Customer DropDown Menu
Trying to find Element By : By.xpath: (//select[@id='userSelect'])[1]
Found Element By : By.xpath: (//select[@id='userSelect'])[1]
Trying to find Element By : By.xpath: (//select[@id='userSelect'])[1]
Found Element By : By.xpath: (//select[@id='userSelect'])[1]
Trying to find Element By : By.tagName: option
Found Element By : By.tagName: option
Trying to click on: [[[[ChromeDriver: chrome on windows (7dcd10de570ee8ce802bada90889892c)] -> xpath: (//select[@id='userSelect'])[1]]] -> tag name: option]
Clicked on: [[[[ChromeDriver: chrome on windows (7dcd10de570ee8ce802bada90889892c)] -> xpath: (//select[@id='userSelect'])[1]]] -> tag name: option]
Rohit RG is Selected from the Customer DropDown Menu
Trying to find Element By : By.xpath: //select[@id='currency']
Found Element By : By.xpath: //select[@id='currency']
Trying to find Element By : By.xpath: //select[@id='currency']
Found Element By : By.xpath: //select[@id='currency']
Trying to find Element By : By.xpath: //select[@id='currency']
Found Element By : By.xpath: //select[@id='currency']
Trying to find Element By : By.xpath: //select[@id='currency']
Found Element By : By.xpath: //select[@id='currency']
Trying to find Element By : By.xpath: //select[@id='currency']
Found Element By : By.xpath: //select[@id='currency']
Trying to find Element By : By.tagName: option
Found Element By : By.tagName: option
Rupee is Selected from the Currency DropDown Menu
Trying to find Element By : By.xpath: //select[@id='currency']
Found Element By : By.xpath: //select[@id='currency']
Trying to find Element By : By.xpath: //select[@id='currency']
Found Element By : By.xpath: //select[@id='currency']
Trying to find Element By : By.tagName: option
Found Element By : By.tagName: option
Trying to click on: [[[[ChromeDriver: chrome on windows (7dcd10de570ee8ce802bada90889892c)] -> xpath: //select[@id='currency']]] -> tag name: option]
Clicked on: [[[[ChromeDriver: chrome on windows (7dcd10de570ee8ce802bada90889892c)] -> xpath: //select[@id='currency']]] -> tag name: option]
Rupee is Selected from the Currency DropDown Menu
Trying to find Element By : By.xpath: //select[@id='currency']
Found Element By : By.xpath: //select[@id='currency']
Trying to find Element By : By.xpath: //select[@id='currency']
Found Element By : By.xpath: //select[@id='currency']
Trying to find Element By : By.tagName: option
Found Element By : By.tagName: option
Trying to click on: [[[[ChromeDriver: chrome on windows (7dcd10de570ee8ce802bada90889892c)] -> xpath: //select[@id='currency']]] -> tag name: option]
Clicked on: [[[[ChromeDriver: chrome on windows (7dcd10de570ee8ce802bada90889892c)] -> xpath: //select[@id='currency']]] -> tag name: option]
Rupee is Selected from the Currency DropDown Menu
Trying to find Element By : By.xpath: //select[@id='currency']
Found Element By : By.xpath: //select[@id='currency']
Trying to find Element By : By.xpath: //select[@id='currency']
Found Element By : By.xpath: //select[@id='currency']
Trying to find Element By : By.tagName: option
Found Element By : By.tagName: option
Trying to click on: [[[[ChromeDriver: chrome on windows (7dcd10de570ee8ce802bada90889892c)] -> xpath: //select[@id='currency']]] -> tag name: option]
Clicked on: [[[[ChromeDriver: chrome on windows (7dcd10de570ee8ce802bada90889892c)] -> xpath: //select[@id='currency']]] -> tag name: option]
Rupee is Selected from the Currency DropDown Menu
Trying to find Element By : By.xpath: //button[normalize-space()='Process']
Found Element By : By.xpath: //button[normalize-space()='Process']
Trying to click on: [[ChromeDriver: chrome on windows (7dcd10de570ee8ce802bada90889892c)] -> xpath: //button[normalize-space()='Process']]
Clicked on: [[ChromeDriver: chrome on windows (7dcd10de570ee8ce802bada90889892c)] -> xpath: //button[normalize-space()='Process']]
Process Button is Clicked
Account created successfully with account Number :1016
Trying to find Element By : By.xpath: //button[normalize-space()='Customers']
Found Element By : By.xpath: //button[normalize-space()='Customers']
Trying to find Element By : By.xpath: //button[normalize-space()='Customers']
Found Element By : By.xpath: //button[normalize-space()='Customers']
Trying to click on: [[ChromeDriver: chrome on windows (7dcd10de570ee8ce802bada90889892c)] -> xpath: //button[normalize-space()='Customers']]
Clicked on: [[ChromeDriver: chrome on windows (7dcd10de570ee8ce802bada90889892c)] -> xpath: //button[normalize-space()='Customers']]
Customers Button is Clicked
Trying to find Element By : By.xpath: //input[@placeholder='Search Customer']
Found Element By : By.xpath: //input[@placeholder='Search Customer']
Rohit is Added in the Search Box
Trying to find Element By : By.xpath:  (//button[normalize-space()='Delete'])[1]
Found Element By : By.xpath:  (//button[normalize-space()='Delete'])[1]
Trying to find Element By : By.xpath:  (//button[normalize-space()='Delete'])[1]
Found Element By : By.xpath:  (//button[normalize-space()='Delete'])[1]
Trying to click on: [[ChromeDriver: chrome on windows (7dcd10de570ee8ce802bada90889892c)] -> xpath:  (//button[normalize-space()='Delete'])[1]]
Clicked on: [[ChromeDriver: chrome on windows (7dcd10de570ee8ce802bada90889892c)] -> xpath:  (//button[normalize-space()='Delete'])[1]]
]]></system-out>
    <system-err><![CDATA[Mar 11, 2024 1:49:27 PM org.openqa.selenium.devtools.CdpVersionFinder findNearestMatch
WARNING: Unable to find an exact match for CDP version 122, returning the closest version; found: 119; Please update to a Selenium version that supports CDP version 122
]]></system-err>
  </testcase>
  <testcase name="existingtest" classname="com.mcp.qa.testcases.ExistingCustomerTest" time="5.313"/>
  <testcase name="testCustomerLoginFlow" classname="com.mcp.qa.testcases.CustomerLoginAndDetailsTest" time="3.038"/>
  <testcase name="testCustomerLoginFlow" classname="com.mcp.qa.testcases.DepositAndWithdrawalTest" time="7.772"/>
  <testcase name="testCustomerLoginFlow" classname="com.mcp.qa.testcases.TransactionDetailsTest" time="10.406">
    <failure message="no such alert&#10;  (Session info: chrome=122.0.6261.112)&#10;Build info: version: &apos;4.15.0&apos;, revision: &apos;1d14b5521b&apos;&#10;System info: os.name: &apos;Windows 11&apos;, os.arch: &apos;amd64&apos;, os.version: &apos;10.0&apos;, java.version: &apos;21.0.2&apos;&#10;Driver info: org.openqa.selenium.chrome.ChromeDriver&#10;Command: [348e42e0cd2d6c3e01690685e2cea9ab, getAlertText {}]&#10;Capabilities {acceptInsecureCerts: false, browserName: chrome, browserVersion: 122.0.6261.112, chrome: {chromedriverVersion: 122.0.6261.57 (87957e464700..., userDataDir: C:\Users\rohit\AppData\Loca...}, fedcm:accounts: true, goog:chromeOptions: {debuggerAddress: localhost:52559}, networkConnectionEnabled: false, pageLoadStrategy: normal, platformName: windows, proxy: Proxy(), se:cdp: ws://localhost:52559/devtoo..., se:cdpVersion: 122.0.6261.112, setWindowRect: true, strictFileInteractability: false, timeouts: {implicit: 0, pageLoad: 300000, script: 30000}, unhandledPromptBehavior: dismiss and notify, webauthn:extension:credBlob: true, webauthn:extension:largeBlob: true, webauthn:extension:minPinLength: true, webauthn:extension:prf: true, webauthn:virtualAuthenticators: true}&#10;Session ID: 348e42e0cd2d6c3e01690685e2cea9ab" type="org.openqa.selenium.NoAlertPresentException">org.openqa.selenium.NoAlertPresentException: 
no such alert
  (Session info: chrome=122.0.6261.112)
Build info: version: '4.15.0', revision: '1d14b5521b'
System info: os.name: 'Windows 11', os.arch: 'amd64', os.version: '10.0', java.version: '21.0.2'
Driver info: org.openqa.selenium.chrome.ChromeDriver
Command: [348e42e0cd2d6c3e01690685e2cea9ab, getAlertText {}]
Capabilities {acceptInsecureCerts: false, browserName: chrome, browserVersion: 122.0.6261.112, chrome: {chromedriverVersion: 122.0.6261.57 (87957e464700..., userDataDir: C:\Users\rohit\AppData\Loca...}, fedcm:accounts: true, goog:chromeOptions: {debuggerAddress: localhost:52559}, networkConnectionEnabled: false, pageLoadStrategy: normal, platformName: windows, proxy: Proxy(), se:cdp: ws://localhost:52559/devtoo..., se:cdpVersion: 122.0.6261.112, setWindowRect: true, strictFileInteractability: false, timeouts: {implicit: 0, pageLoad: 300000, script: 30000}, unhandledPromptBehavior: dismiss and notify, webauthn:extension:credBlob: true, webauthn:extension:largeBlob: true, webauthn:extension:minPinLength: true, webauthn:extension:prf: true, webauthn:virtualAuthenticators: true}
Session ID: 348e42e0cd2d6c3e01690685e2cea9ab
	at com.mcp.qa.testcases.TransactionDetailsTest.testCustomerLoginFlow(TransactionDetailsTest.java:25)
</failure>
    <system-out><![CDATA[Before navigating to: 'https://www.globalsqa.com/angularJs-protractor/BankingProject/#/login'
Navigated to:'https://www.globalsqa.com/angularJs-protractor/BankingProject/#/login'
Trying to find Element By : By.xpath: //button[contains(text(),'Customer Login')]
Found Element By : By.xpath: //button[contains(text(),'Customer Login')]
Trying to find Element By : By.xpath: //button[contains(text(),'Customer Login')]
Found Element By : By.xpath: //button[contains(text(),'Customer Login')]
Trying to click on: [[ChromeDriver: chrome on windows (348e42e0cd2d6c3e01690685e2cea9ab)] -> xpath: //button[contains(text(),'Customer Login')]]
Clicked on: [[ChromeDriver: chrome on windows (348e42e0cd2d6c3e01690685e2cea9ab)] -> xpath: //button[contains(text(),'Customer Login')]]
Trying to find Element By : By.xpath: //select[@id='userSelect']
Found Element By : By.xpath: //select[@id='userSelect']
Trying to find Element By : By.xpath: //select[@id='userSelect']
Found Element By : By.xpath: //select[@id='userSelect']
Trying to find Element By : By.xpath: //select[@id='userSelect']
Found Element By : By.xpath: //select[@id='userSelect']
Trying to find Element By : By.xpath: //select[@id='userSelect']
Found Element By : By.xpath: //select[@id='userSelect']
Trying to find Element By : By.xpath: //select[@id='userSelect']
Found Element By : By.xpath: //select[@id='userSelect']
Trying to find Element By : By.tagName: option
Found Element By : By.tagName: option
User Name is Selected from the DropDown Menu
Trying to find Element By : By.xpath: //select[@id='userSelect']
Found Element By : By.xpath: //select[@id='userSelect']
Trying to find Element By : By.xpath: //select[@id='userSelect']
Found Element By : By.xpath: //select[@id='userSelect']
Trying to find Element By : By.tagName: option
Found Element By : By.tagName: option
Trying to click on: [[[[ChromeDriver: chrome on windows (348e42e0cd2d6c3e01690685e2cea9ab)] -> xpath: //select[@id='userSelect']]] -> tag name: option]
Clicked on: [[[[ChromeDriver: chrome on windows (348e42e0cd2d6c3e01690685e2cea9ab)] -> xpath: //select[@id='userSelect']]] -> tag name: option]
User Name is Selected from the DropDown Menu
Trying to find Element By : By.xpath: //button[normalize-space()='Login']
Found Element By : By.xpath: //button[normalize-space()='Login']
Trying to find Element By : By.xpath: //button[normalize-space()='Login']
Found Element By : By.xpath: //button[normalize-space()='Login']
Trying to click on: [[ChromeDriver: chrome on windows (348e42e0cd2d6c3e01690685e2cea9ab)] -> xpath: //button[normalize-space()='Login']]
Clicked on: [[ChromeDriver: chrome on windows (348e42e0cd2d6c3e01690685e2cea9ab)] -> xpath: //button[normalize-space()='Login']]
Clicked on Login Button on Login Page and the User is Navigated to the Customer Dashboard Page
Trying to find Element By : By.xpath: //select[@id='accountSelect']
Found Element By : By.xpath: //select[@id='accountSelect']
Trying to find Element By : By.xpath: //select[@id='accountSelect']
Found Element By : By.xpath: //select[@id='accountSelect']
Trying to find Element By : By.xpath: //select[@id='accountSelect']
Found Element By : By.xpath: //select[@id='accountSelect']
Trying to find Element By : By.xpath: //select[@id='accountSelect']
Found Element By : By.xpath: //select[@id='accountSelect']
Trying to find Element By : By.xpath: //select[@id='accountSelect']
Found Element By : By.xpath: //select[@id='accountSelect']
Trying to find Element By : By.tagName: option
Found Element By : By.tagName: option
User's Account Number is Selected from the DropDown Menu
Trying to find Element By : By.xpath: //select[@id='accountSelect']
Found Element By : By.xpath: //select[@id='accountSelect']
Trying to find Element By : By.xpath: //select[@id='accountSelect']
Found Element By : By.xpath: //select[@id='accountSelect']
Trying to find Element By : By.tagName: option
Found Element By : By.tagName: option
Trying to click on: [[[[ChromeDriver: chrome on windows (348e42e0cd2d6c3e01690685e2cea9ab)] -> xpath: //select[@id='accountSelect']]] -> tag name: option]
Clicked on: [[[[ChromeDriver: chrome on windows (348e42e0cd2d6c3e01690685e2cea9ab)] -> xpath: //select[@id='accountSelect']]] -> tag name: option]
User's Account Number is Selected from the DropDown Menu
Trying to find Element By : By.xpath: //select[@id='accountSelect']
Found Element By : By.xpath: //select[@id='accountSelect']
Trying to find Element By : By.xpath: //select[@id='accountSelect']
Found Element By : By.xpath: //select[@id='accountSelect']
Trying to find Element By : By.tagName: option
Found Element By : By.tagName: option
Trying to click on: [[[[ChromeDriver: chrome on windows (348e42e0cd2d6c3e01690685e2cea9ab)] -> xpath: //select[@id='accountSelect']]] -> tag name: option]
Clicked on: [[[[ChromeDriver: chrome on windows (348e42e0cd2d6c3e01690685e2cea9ab)] -> xpath: //select[@id='accountSelect']]] -> tag name: option]
User's Account Number is Selected from the DropDown Menu
Trying to find Element By : By.xpath: //strong[normalize-space()='1003']
Found Element By : By.xpath: //strong[normalize-space()='1003']
Trying to find Element By : By.xpath: //strong[normalize-space()='0']
Found Element By : By.xpath: //strong[normalize-space()='0']
Trying to find Element By : By.xpath: //span[contains(text(),'Hermoine Granger')]
Found Element By : By.xpath: //span[contains(text(),'Hermoine Granger')]
Trying to find Element By : By.xpath: (//strong[normalize-space()='Rupee'])[1]
Found Element By : By.xpath: (//strong[normalize-space()='Rupee'])[1]
Actual Account Number is : 1003
Actual Account Balance is : 0
Customer Name Matched : Hermoine Granger
Account Currency Matched : Rupee
Trying to find Element By : By.xpath: //button[normalize-space()='Deposit']
Found Element By : By.xpath: //button[normalize-space()='Deposit']
Trying to find Element By : By.xpath: //button[normalize-space()='Deposit']
Found Element By : By.xpath: //button[normalize-space()='Deposit']
Trying to click on: [[ChromeDriver: chrome on windows (348e42e0cd2d6c3e01690685e2cea9ab)] -> xpath: //button[normalize-space()='Deposit']]
Clicked on: [[ChromeDriver: chrome on windows (348e42e0cd2d6c3e01690685e2cea9ab)] -> xpath: //button[normalize-space()='Deposit']]
Add Customer Button is Clicked :
Trying to find Element By : By.xpath: //input[@placeholder='amount']
Found Element By : By.xpath: //input[@placeholder='amount']
Trying to find Element By : By.xpath: //button[@type='submit']
Found Element By : By.xpath: //button[@type='submit']
Trying to click on: [[ChromeDriver: chrome on windows (348e42e0cd2d6c3e01690685e2cea9ab)] -> xpath: //button[@type='submit']]
Clicked on: [[ChromeDriver: chrome on windows (348e42e0cd2d6c3e01690685e2cea9ab)] -> xpath: //button[@type='submit']]
10  is Deposited Successfully
Trying to find Element By : By.xpath: //button[normalize-space()='Deposit']
Found Element By : By.xpath: //button[normalize-space()='Deposit']
Trying to find Element By : By.xpath: //button[normalize-space()='Deposit']
Found Element By : By.xpath: //button[normalize-space()='Deposit']
Trying to click on: [[ChromeDriver: chrome on windows (348e42e0cd2d6c3e01690685e2cea9ab)] -> xpath: //button[normalize-space()='Deposit']]
Clicked on: [[ChromeDriver: chrome on windows (348e42e0cd2d6c3e01690685e2cea9ab)] -> xpath: //button[normalize-space()='Deposit']]
Add Customer Button is Clicked :
Trying to find Element By : By.xpath: //input[@placeholder='amount']
Found Element By : By.xpath: //input[@placeholder='amount']
Trying to find Element By : By.xpath: //button[@type='submit']
Found Element By : By.xpath: //button[@type='submit']
Trying to click on: [[ChromeDriver: chrome on windows (348e42e0cd2d6c3e01690685e2cea9ab)] -> xpath: //button[@type='submit']]
Clicked on: [[ChromeDriver: chrome on windows (348e42e0cd2d6c3e01690685e2cea9ab)] -> xpath: //button[@type='submit']]
200  is Deposited Successfully
Trying to find Element By : By.xpath: //button[normalize-space()='Deposit']
Found Element By : By.xpath: //button[normalize-space()='Deposit']
Trying to find Element By : By.xpath: //button[normalize-space()='Deposit']
Found Element By : By.xpath: //button[normalize-space()='Deposit']
Trying to click on: [[ChromeDriver: chrome on windows (348e42e0cd2d6c3e01690685e2cea9ab)] -> xpath: //button[normalize-space()='Deposit']]
Clicked on: [[ChromeDriver: chrome on windows (348e42e0cd2d6c3e01690685e2cea9ab)] -> xpath: //button[normalize-space()='Deposit']]
Add Customer Button is Clicked :
Trying to find Element By : By.xpath: //input[@placeholder='amount']
Found Element By : By.xpath: //input[@placeholder='amount']
Trying to find Element By : By.xpath: //button[@type='submit']
Found Element By : By.xpath: //button[@type='submit']
Trying to click on: [[ChromeDriver: chrome on windows (348e42e0cd2d6c3e01690685e2cea9ab)] -> xpath: //button[@type='submit']]
Clicked on: [[ChromeDriver: chrome on windows (348e42e0cd2d6c3e01690685e2cea9ab)] -> xpath: //button[@type='submit']]
3000  is Deposited Successfully
Trying to find Element By : By.xpath: //button[normalize-space()='Deposit']
Found Element By : By.xpath: //button[normalize-space()='Deposit']
Trying to find Element By : By.xpath: //button[normalize-space()='Deposit']
Found Element By : By.xpath: //button[normalize-space()='Deposit']
Trying to click on: [[ChromeDriver: chrome on windows (348e42e0cd2d6c3e01690685e2cea9ab)] -> xpath: //button[normalize-space()='Deposit']]
Clicked on: [[ChromeDriver: chrome on windows (348e42e0cd2d6c3e01690685e2cea9ab)] -> xpath: //button[normalize-space()='Deposit']]
Add Customer Button is Clicked :
Trying to find Element By : By.xpath: //input[@placeholder='amount']
Found Element By : By.xpath: //input[@placeholder='amount']
Trying to find Element By : By.xpath: //button[@type='submit']
Found Element By : By.xpath: //button[@type='submit']
Trying to click on: [[ChromeDriver: chrome on windows (348e42e0cd2d6c3e01690685e2cea9ab)] -> xpath: //button[@type='submit']]
Clicked on: [[ChromeDriver: chrome on windows (348e42e0cd2d6c3e01690685e2cea9ab)] -> xpath: //button[@type='submit']]
40000  is Deposited Successfully
Trying to find Element By : By.xpath: //button[normalize-space()='Deposit']
Found Element By : By.xpath: //button[normalize-space()='Deposit']
Trying to find Element By : By.xpath: //button[normalize-space()='Deposit']
Found Element By : By.xpath: //button[normalize-space()='Deposit']
Trying to click on: [[ChromeDriver: chrome on windows (348e42e0cd2d6c3e01690685e2cea9ab)] -> xpath: //button[normalize-space()='Deposit']]
Clicked on: [[ChromeDriver: chrome on windows (348e42e0cd2d6c3e01690685e2cea9ab)] -> xpath: //button[normalize-space()='Deposit']]
Add Customer Button is Clicked :
Trying to find Element By : By.xpath: //input[@placeholder='amount']
Found Element By : By.xpath: //input[@placeholder='amount']
Trying to find Element By : By.xpath: //button[@type='submit']
Found Element By : By.xpath: //button[@type='submit']
Trying to click on: [[ChromeDriver: chrome on windows (348e42e0cd2d6c3e01690685e2cea9ab)] -> xpath: //button[@type='submit']]
Clicked on: [[ChromeDriver: chrome on windows (348e42e0cd2d6c3e01690685e2cea9ab)] -> xpath: //button[@type='submit']]
500000  is Deposited Successfully
Trying to find Element By : By.xpath: //button[normalize-space()='Withdrawl']
Found Element By : By.xpath: //button[normalize-space()='Withdrawl']
Trying to find Element By : By.xpath: //button[normalize-space()='Withdrawl']
Found Element By : By.xpath: //button[normalize-space()='Withdrawl']
Trying to click on: [[ChromeDriver: chrome on windows (348e42e0cd2d6c3e01690685e2cea9ab)] -> xpath: //button[normalize-space()='Withdrawl']]
Clicked on: [[ChromeDriver: chrome on windows (348e42e0cd2d6c3e01690685e2cea9ab)] -> xpath: //button[normalize-space()='Withdrawl']]
Add Customer Button is Clicked :
Trying to find Element By : By.xpath: //input[@placeholder='amount']
Found Element By : By.xpath: //input[@placeholder='amount']
Trying to find Element By : By.xpath: //button[normalize-space()='Withdraw']
Found Element By : By.xpath: //button[normalize-space()='Withdraw']
Trying to click on: [[ChromeDriver: chrome on windows (348e42e0cd2d6c3e01690685e2cea9ab)] -> xpath: //button[normalize-space()='Withdraw']]
Clicked on: [[ChromeDriver: chrome on windows (348e42e0cd2d6c3e01690685e2cea9ab)] -> xpath: //button[normalize-space()='Withdraw']]
0  is Withdrawn Successfully
Trying to find Element By : By.xpath: //button[normalize-space()='Withdrawl']
Found Element By : By.xpath: //button[normalize-space()='Withdrawl']
Trying to find Element By : By.xpath: //button[normalize-space()='Withdrawl']
Found Element By : By.xpath: //button[normalize-space()='Withdrawl']
Trying to click on: [[ChromeDriver: chrome on windows (348e42e0cd2d6c3e01690685e2cea9ab)] -> xpath: //button[normalize-space()='Withdrawl']]
Clicked on: [[ChromeDriver: chrome on windows (348e42e0cd2d6c3e01690685e2cea9ab)] -> xpath: //button[normalize-space()='Withdrawl']]
Add Customer Button is Clicked :
Trying to find Element By : By.xpath: //input[@placeholder='amount']
Found Element By : By.xpath: //input[@placeholder='amount']
Trying to find Element By : By.xpath: //button[normalize-space()='Withdraw']
Found Element By : By.xpath: //button[normalize-space()='Withdraw']
Trying to click on: [[ChromeDriver: chrome on windows (348e42e0cd2d6c3e01690685e2cea9ab)] -> xpath: //button[normalize-space()='Withdraw']]
Clicked on: [[ChromeDriver: chrome on windows (348e42e0cd2d6c3e01690685e2cea9ab)] -> xpath: //button[normalize-space()='Withdraw']]
10  is Withdrawn Successfully
Trying to find Element By : By.xpath: //button[normalize-space()='Withdrawl']
Found Element By : By.xpath: //button[normalize-space()='Withdrawl']
Trying to find Element By : By.xpath: //button[normalize-space()='Withdrawl']
Found Element By : By.xpath: //button[normalize-space()='Withdrawl']
Trying to click on: [[ChromeDriver: chrome on windows (348e42e0cd2d6c3e01690685e2cea9ab)] -> xpath: //button[normalize-space()='Withdrawl']]
Clicked on: [[ChromeDriver: chrome on windows (348e42e0cd2d6c3e01690685e2cea9ab)] -> xpath: //button[normalize-space()='Withdrawl']]
Add Customer Button is Clicked :
Trying to find Element By : By.xpath: //input[@placeholder='amount']
Found Element By : By.xpath: //input[@placeholder='amount']
Trying to find Element By : By.xpath: //button[normalize-space()='Withdraw']
Found Element By : By.xpath: //button[normalize-space()='Withdraw']
Trying to click on: [[ChromeDriver: chrome on windows (348e42e0cd2d6c3e01690685e2cea9ab)] -> xpath: //button[normalize-space()='Withdraw']]
Clicked on: [[ChromeDriver: chrome on windows (348e42e0cd2d6c3e01690685e2cea9ab)] -> xpath: //button[normalize-space()='Withdraw']]
200  is Withdrawn Successfully
Trying to find Element By : By.xpath: //button[normalize-space()='Withdrawl']
Found Element By : By.xpath: //button[normalize-space()='Withdrawl']
Trying to find Element By : By.xpath: //button[normalize-space()='Withdrawl']
Found Element By : By.xpath: //button[normalize-space()='Withdrawl']
Trying to click on: [[ChromeDriver: chrome on windows (348e42e0cd2d6c3e01690685e2cea9ab)] -> xpath: //button[normalize-space()='Withdrawl']]
Clicked on: [[ChromeDriver: chrome on windows (348e42e0cd2d6c3e01690685e2cea9ab)] -> xpath: //button[normalize-space()='Withdrawl']]
Add Customer Button is Clicked :
Trying to find Element By : By.xpath: //input[@placeholder='amount']
Found Element By : By.xpath: //input[@placeholder='amount']
Trying to find Element By : By.xpath: //button[normalize-space()='Withdraw']
Found Element By : By.xpath: //button[normalize-space()='Withdraw']
Trying to click on: [[ChromeDriver: chrome on windows (348e42e0cd2d6c3e01690685e2cea9ab)] -> xpath: //button[normalize-space()='Withdraw']]
Clicked on: [[ChromeDriver: chrome on windows (348e42e0cd2d6c3e01690685e2cea9ab)] -> xpath: //button[normalize-space()='Withdraw']]
3000  is Withdrawn Successfully
Trying to find Element By : By.xpath: //button[normalize-space()='Withdrawl']
Found Element By : By.xpath: //button[normalize-space()='Withdrawl']
Trying to find Element By : By.xpath: //button[normalize-space()='Withdrawl']
Found Element By : By.xpath: //button[normalize-space()='Withdrawl']
Trying to click on: [[ChromeDriver: chrome on windows (348e42e0cd2d6c3e01690685e2cea9ab)] -> xpath: //button[normalize-space()='Withdrawl']]
Clicked on: [[ChromeDriver: chrome on windows (348e42e0cd2d6c3e01690685e2cea9ab)] -> xpath: //button[normalize-space()='Withdrawl']]
Add Customer Button is Clicked :
Trying to find Element By : By.xpath: //input[@placeholder='amount']
Found Element By : By.xpath: //input[@placeholder='amount']
Trying to find Element By : By.xpath: //button[normalize-space()='Withdraw']
Found Element By : By.xpath: //button[normalize-space()='Withdraw']
Trying to click on: [[ChromeDriver: chrome on windows (348e42e0cd2d6c3e01690685e2cea9ab)] -> xpath: //button[normalize-space()='Withdraw']]
Clicked on: [[ChromeDriver: chrome on windows (348e42e0cd2d6c3e01690685e2cea9ab)] -> xpath: //button[normalize-space()='Withdraw']]
40000  is Withdrawn Successfully
Trying to find Element By : By.xpath: //button[normalize-space()='Withdrawl']
Found Element By : By.xpath: //button[normalize-space()='Withdrawl']
Trying to find Element By : By.xpath: //button[normalize-space()='Withdrawl']
Found Element By : By.xpath: //button[normalize-space()='Withdrawl']
Trying to click on: [[ChromeDriver: chrome on windows (348e42e0cd2d6c3e01690685e2cea9ab)] -> xpath: //button[normalize-space()='Withdrawl']]
Clicked on: [[ChromeDriver: chrome on windows (348e42e0cd2d6c3e01690685e2cea9ab)] -> xpath: //button[normalize-space()='Withdrawl']]
Add Customer Button is Clicked :
Trying to find Element By : By.xpath: //input[@placeholder='amount']
Found Element By : By.xpath: //input[@placeholder='amount']
Trying to find Element By : By.xpath: //button[normalize-space()='Withdraw']
Found Element By : By.xpath: //button[normalize-space()='Withdraw']
Trying to click on: [[ChromeDriver: chrome on windows (348e42e0cd2d6c3e01690685e2cea9ab)] -> xpath: //button[normalize-space()='Withdraw']]
Clicked on: [[ChromeDriver: chrome on windows (348e42e0cd2d6c3e01690685e2cea9ab)] -> xpath: //button[normalize-space()='Withdraw']]
500000  is Withdrawn Successfully
Trying to find Element By : By.xpath: //button[normalize-space()='Transactions']
Found Element By : By.xpath: //button[normalize-space()='Transactions']
Trying to find Element By : By.xpath: //button[normalize-space()='Transactions']
Found Element By : By.xpath: //button[normalize-space()='Transactions']
Trying to click on: [[ChromeDriver: chrome on windows (348e42e0cd2d6c3e01690685e2cea9ab)] -> xpath: //button[normalize-space()='Transactions']]
Clicked on: [[ChromeDriver: chrome on windows (348e42e0cd2d6c3e01690685e2cea9ab)] -> xpath: //button[normalize-space()='Transactions']]
Transaction Button is Clicked
Trying to find Element By : By.xpath: //button[normalize-space()='Withdraw']
Found Element By : By.xpath: //button[normalize-space()='Withdraw']
Trying to find Element By : By.xpath: //button[normalize-space()='Withdraw']
Found Element By : By.xpath: //button[normalize-space()='Withdraw']
Trying to click on: [[ChromeDriver: chrome on windows (348e42e0cd2d6c3e01690685e2cea9ab)] -> xpath: //button[normalize-space()='Withdraw']]
Clicked on: [[ChromeDriver: chrome on windows (348e42e0cd2d6c3e01690685e2cea9ab)] -> xpath: //button[normalize-space()='Withdraw']]
Forward(>) Button is Clicked
Trying to find Element By : By.xpath: //button[normalize-space()='Back']
Found Element By : By.xpath: //button[normalize-space()='Back']
Trying to find Element By : By.xpath: //button[normalize-space()='Back']
Found Element By : By.xpath: //button[normalize-space()='Back']
Trying to click on: [[ChromeDriver: chrome on windows (348e42e0cd2d6c3e01690685e2cea9ab)] -> xpath: //button[normalize-space()='Back']]
Clicked on: [[ChromeDriver: chrome on windows (348e42e0cd2d6c3e01690685e2cea9ab)] -> xpath: //button[normalize-space()='Back']]
Back Button is Clicked
Trying to find Element By : By.xpath: //button[normalize-space()='Transactions']
Found Element By : By.xpath: //button[normalize-space()='Transactions']
Trying to find Element By : By.xpath: //button[normalize-space()='Transactions']
Found Element By : By.xpath: //button[normalize-space()='Transactions']
Trying to click on: [[ChromeDriver: chrome on windows (348e42e0cd2d6c3e01690685e2cea9ab)] -> xpath: //button[normalize-space()='Transactions']]
Clicked on: [[ChromeDriver: chrome on windows (348e42e0cd2d6c3e01690685e2cea9ab)] -> xpath: //button[normalize-space()='Transactions']]
Transaction Button is Clicked
Trying to find Element By : By.xpath: //input[@id='start']
Found Element By : By.xpath: //input[@id='start']
Trying to find Element By : By.xpath: //input[@id='start']
Found Element By : By.xpath: //input[@id='start']
Trying to click on: [[ChromeDriver: chrome on windows (348e42e0cd2d6c3e01690685e2cea9ab)] -> xpath: //input[@id='start']]
Clicked on: [[ChromeDriver: chrome on windows (348e42e0cd2d6c3e01690685e2cea9ab)] -> xpath: //input[@id='start']]
Clicked on Date Picker 1
Trying to find Element By : By.xpath: //input[@id='end']
Found Element By : By.xpath: //input[@id='end']
Trying to find Element By : By.xpath: //input[@id='end']
Found Element By : By.xpath: //input[@id='end']
Trying to click on: [[ChromeDriver: chrome on windows (348e42e0cd2d6c3e01690685e2cea9ab)] -> xpath: //input[@id='end']]
Clicked on: [[ChromeDriver: chrome on windows (348e42e0cd2d6c3e01690685e2cea9ab)] -> xpath: //input[@id='end']]
Clicked on Date Picker 2
Trying to find Element By : By.xpath: //button[normalize-space()='Reset']
Found Element By : By.xpath: //button[normalize-space()='Reset']
Trying to find Element By : By.xpath: //button[normalize-space()='Reset']
Found Element By : By.xpath: //button[normalize-space()='Reset']
Trying to click on: [[ChromeDriver: chrome on windows (348e42e0cd2d6c3e01690685e2cea9ab)] -> xpath: //button[normalize-space()='Reset']]
Clicked on: [[ChromeDriver: chrome on windows (348e42e0cd2d6c3e01690685e2cea9ab)] -> xpath: //button[normalize-space()='Reset']]
]]></system-out>
    <system-err><![CDATA[Mar 11, 2024 1:49:59 PM org.openqa.selenium.devtools.CdpVersionFinder findNearestMatch
WARNING: Unable to find an exact match for CDP version 122, returning the closest version; found: 119; Please update to a Selenium version that supports CDP version 122
]]></system-err>
  </testcase>
</testsuite>